<?xml version="1.0" encoding="utf-8"?>
<!DOCTYPE coverage SYSTEM "http://cobertura.sourceforge.net/xml/coverage-04.dtd">
<coverage line-rate="0.16216216216216217" branch-rate="0.034482758620689655" lines-covered="108" lines-valid="666" branches-covered="8" branches-valid="232" complexity="345" version="0" timestamp="1618230253">
  <sources>
    <source>C:\Users\Shelby\</source>
  </sources>
  <packages>
    <package name="CommerceProject" line-rate="0.1733615221987315" branch-rate="0.1" complexity="162">
      <classes>
        <class name="CommerceProject.Areas.Identity.IdentityHostingStartup" filename="C:\Users\Shelby\Documents\GitHub\semester-project-group-4-commerce\CommerceProject\CommerceProject\Areas\Identity\IdentityHostingStartup.cs" line-rate="0" branch-rate="1" complexity="1">
          <methods>
            <method name="Configure" signature="(...)" line-rate="0" branch-rate="1" complexity="1">
              <lines>
                <line number="16" hits="0" branch="false" />
                <line number="17" hits="0" branch="false" />
                <line number="18" hits="0" branch="false" />
                <line number="19" hits="0" branch="false" />
                <line number="20" hits="0" branch="false" />
                <line number="21" hits="0" branch="false" />
                <line number="22" hits="0" branch="false" />
                <line number="23" hits="0" branch="false" />
                <line number="24" hits="0" branch="false" />
                <line number="25" hits="0" branch="false" />
              </lines>
            </method>
          </methods>
          <lines>
            <line number="16" hits="0" branch="false" />
            <line number="17" hits="0" branch="false" />
            <line number="18" hits="0" branch="false" />
            <line number="19" hits="0" branch="false" />
            <line number="20" hits="0" branch="false" />
            <line number="21" hits="0" branch="false" />
            <line number="22" hits="0" branch="false" />
            <line number="23" hits="0" branch="false" />
            <line number="24" hits="0" branch="false" />
            <line number="25" hits="0" branch="false" />
          </lines>
        </class>
        <class name="CommerceProject.Areas.Identity.Pages.Account.ForgotPasswordConfirmation" filename="C:\Users\Shelby\Documents\GitHub\semester-project-group-4-commerce\CommerceProject\CommerceProject\Areas\Identity\Pages\Account\ForgotPasswordConfirmation.cshtml.cs" line-rate="0" branch-rate="1" complexity="1">
          <methods>
            <method name="get_ReturnUrl" signature="()" line-rate="0" branch-rate="1" complexity="1">
              <lines>
                <line number="12" hits="0" branch="false" />
              </lines>
            </method>
          </methods>
          <lines>
            <line number="12" hits="0" branch="false" />
          </lines>
        </class>
        <class name="CommerceProject.Areas.Identity.Pages.Account.ForgotPasswordModel" filename="C:\Users\Shelby\Documents\GitHub\semester-project-group-4-commerce\CommerceProject\CommerceProject\Areas\Identity\Pages\Account\ForgotPassword.cshtml.cs" line-rate="0" branch-rate="0" complexity="10">
          <methods>
            <method name="get_Input" signature="()" line-rate="0" branch-rate="1" complexity="1">
              <lines>
                <line number="29" hits="0" branch="false" />
              </lines>
            </method>
            <method name="get_ReturnUrl" signature="()" line-rate="0" branch-rate="1" complexity="1">
              <lines>
                <line number="31" hits="0" branch="false" />
              </lines>
            </method>
            <method name=".ctor" signature="(...)" line-rate="0" branch-rate="1" complexity="1">
              <lines>
                <line number="22" hits="0" branch="false" />
                <line number="23" hits="0" branch="false" />
                <line number="24" hits="0" branch="false" />
                <line number="25" hits="0" branch="false" />
                <line number="26" hits="0" branch="false" />
              </lines>
            </method>
            <method name="get_Email" signature="()" line-rate="0" branch-rate="1" complexity="1">
              <lines>
                <line number="37" hits="0" branch="false" />
              </lines>
            </method>
            <method name="OnPostAsync" signature="()" line-rate="0" branch-rate="0" complexity="6">
              <lines>
                <line number="41" hits="0" branch="false" />
                <line number="42" hits="0" branch="true" condition-coverage="0% (0/2)" />
                <line number="43" hits="0" branch="false" />
                <line number="44" hits="0" branch="false" />
                <line number="45" hits="0" branch="true" condition-coverage="0% (0/4)" />
                <line number="46" hits="0" branch="false" />
                <line number="48" hits="0" branch="false" />
                <line number="53" hits="0" branch="false" />
                <line number="54" hits="0" branch="false" />
                <line number="55" hits="0" branch="false" />
                <line number="56" hits="0" branch="false" />
                <line number="57" hits="0" branch="false" />
                <line number="58" hits="0" branch="false" />
                <line number="59" hits="0" branch="false" />
                <line number="61" hits="0" branch="false" />
                <line number="62" hits="0" branch="false" />
                <line number="63" hits="0" branch="false" />
                <line number="64" hits="0" branch="false" />
                <line number="66" hits="0" branch="false" />
                <line number="69" hits="0" branch="false" />
                <line number="70" hits="0" branch="false" />
              </lines>
            </method>
          </methods>
          <lines>
            <line number="22" hits="0" branch="false" />
            <line number="23" hits="0" branch="false" />
            <line number="24" hits="0" branch="false" />
            <line number="25" hits="0" branch="false" />
            <line number="26" hits="0" branch="false" />
            <line number="29" hits="0" branch="false" />
            <line number="31" hits="0" branch="false" />
            <line number="37" hits="0" branch="false" />
            <line number="41" hits="0" branch="false" />
            <line number="42" hits="0" branch="true" condition-coverage="0% (0/2)" />
            <line number="43" hits="0" branch="false" />
            <line number="44" hits="0" branch="false" />
            <line number="45" hits="0" branch="true" condition-coverage="0% (0/4)" />
            <line number="46" hits="0" branch="false" />
            <line number="48" hits="0" branch="false" />
            <line number="53" hits="0" branch="false" />
            <line number="54" hits="0" branch="false" />
            <line number="55" hits="0" branch="false" />
            <line number="56" hits="0" branch="false" />
            <line number="57" hits="0" branch="false" />
            <line number="58" hits="0" branch="false" />
            <line number="59" hits="0" branch="false" />
            <line number="61" hits="0" branch="false" />
            <line number="62" hits="0" branch="false" />
            <line number="63" hits="0" branch="false" />
            <line number="64" hits="0" branch="false" />
            <line number="66" hits="0" branch="false" />
            <line number="69" hits="0" branch="false" />
            <line number="70" hits="0" branch="false" />
          </lines>
        </class>
        <class name="CommerceProject.Areas.Identity.Pages.Account.LoginModel" filename="C:\Users\Shelby\Documents\GitHub\semester-project-group-4-commerce\CommerceProject\CommerceProject\Areas\Identity\Pages\Account\Login.cshtml.cs" line-rate="0" branch-rate="0" complexity="22">
          <methods>
            <method name="get_Input" signature="()" line-rate="0" branch-rate="1" complexity="1">
              <lines>
                <line number="34" hits="0" branch="false" />
              </lines>
            </method>
            <method name="get_ExternalLogins" signature="()" line-rate="0" branch-rate="1" complexity="1">
              <lines>
                <line number="36" hits="0" branch="false" />
              </lines>
            </method>
            <method name="get_ReturnUrl" signature="()" line-rate="0" branch-rate="1" complexity="1">
              <lines>
                <line number="38" hits="0" branch="false" />
              </lines>
            </method>
            <method name="get_ErrorMessage" signature="()" line-rate="0" branch-rate="1" complexity="1">
              <lines>
                <line number="41" hits="0" branch="false" />
              </lines>
            </method>
            <method name=".ctor" signature="(...)" line-rate="0" branch-rate="1" complexity="1">
              <lines>
                <line number="24" hits="0" branch="false" />
                <line number="25" hits="0" branch="false" />
                <line number="26" hits="0" branch="false" />
                <line number="27" hits="0" branch="false" />
                <line number="28" hits="0" branch="false" />
                <line number="29" hits="0" branch="false" />
                <line number="30" hits="0" branch="false" />
                <line number="31" hits="0" branch="false" />
              </lines>
            </method>
            <method name="get_Email" signature="()" line-rate="0" branch-rate="1" complexity="1">
              <lines>
                <line number="47" hits="0" branch="false" />
              </lines>
            </method>
            <method name="get_Password" signature="()" line-rate="0" branch-rate="1" complexity="1">
              <lines>
                <line number="51" hits="0" branch="false" />
              </lines>
            </method>
            <method name="get_RememberMe" signature="()" line-rate="0" branch-rate="1" complexity="1">
              <lines>
                <line number="54" hits="0" branch="false" />
              </lines>
            </method>
            <method name="OnGetAsync" signature="()" line-rate="0" branch-rate="0" complexity="4">
              <lines>
                <line number="58" hits="0" branch="false" />
                <line number="59" hits="0" branch="true" condition-coverage="0% (0/2)" />
                <line number="60" hits="0" branch="false" />
                <line number="61" hits="0" branch="false" />
                <line number="62" hits="0" branch="false" />
                <line number="64" hits="0" branch="true" condition-coverage="0% (0/2)" />
                <line number="67" hits="0" branch="false" />
                <line number="69" hits="0" branch="false" />
                <line number="71" hits="0" branch="false" />
                <line number="72" hits="0" branch="false" />
              </lines>
            </method>
            <method name="OnPostAsync" signature="()" line-rate="0" branch-rate="0" complexity="10">
              <lines>
                <line number="75" hits="0" branch="false" />
                <line number="76" hits="0" branch="true" condition-coverage="0% (0/2)" />
                <line number="78" hits="0" branch="false" />
                <line number="80" hits="0" branch="true" condition-coverage="0% (0/2)" />
                <line number="81" hits="0" branch="false" />
                <line number="84" hits="0" branch="false" />
                <line number="85" hits="0" branch="true" condition-coverage="0% (0/2)" />
                <line number="86" hits="0" branch="false" />
                <line number="87" hits="0" branch="false" />
                <line number="88" hits="0" branch="false" />
                <line number="90" hits="0" branch="true" condition-coverage="0% (0/2)" />
                <line number="91" hits="0" branch="false" />
                <line number="92" hits="0" branch="false" />
                <line number="94" hits="0" branch="true" condition-coverage="0% (0/2)" />
                <line number="95" hits="0" branch="false" />
                <line number="96" hits="0" branch="false" />
                <line number="97" hits="0" branch="false" />
                <line number="100" hits="0" branch="false" />
                <line number="101" hits="0" branch="false" />
                <line number="102" hits="0" branch="false" />
                <line number="107" hits="0" branch="false" />
                <line number="108" hits="0" branch="false" />
              </lines>
            </method>
          </methods>
          <lines>
            <line number="24" hits="0" branch="false" />
            <line number="25" hits="0" branch="false" />
            <line number="26" hits="0" branch="false" />
            <line number="27" hits="0" branch="false" />
            <line number="28" hits="0" branch="false" />
            <line number="29" hits="0" branch="false" />
            <line number="30" hits="0" branch="false" />
            <line number="31" hits="0" branch="false" />
            <line number="34" hits="0" branch="false" />
            <line number="36" hits="0" branch="false" />
            <line number="38" hits="0" branch="false" />
            <line number="41" hits="0" branch="false" />
            <line number="47" hits="0" branch="false" />
            <line number="51" hits="0" branch="false" />
            <line number="54" hits="0" branch="false" />
            <line number="58" hits="0" branch="false" />
            <line number="59" hits="0" branch="true" condition-coverage="0% (0/2)" />
            <line number="60" hits="0" branch="false" />
            <line number="61" hits="0" branch="false" />
            <line number="62" hits="0" branch="false" />
            <line number="64" hits="0" branch="true" condition-coverage="0% (0/2)" />
            <line number="67" hits="0" branch="false" />
            <line number="69" hits="0" branch="false" />
            <line number="71" hits="0" branch="false" />
            <line number="72" hits="0" branch="false" />
            <line number="75" hits="0" branch="false" />
            <line number="76" hits="0" branch="true" condition-coverage="0% (0/2)" />
            <line number="78" hits="0" branch="false" />
            <line number="80" hits="0" branch="true" condition-coverage="0% (0/2)" />
            <line number="81" hits="0" branch="false" />
            <line number="84" hits="0" branch="false" />
            <line number="85" hits="0" branch="true" condition-coverage="0% (0/2)" />
            <line number="86" hits="0" branch="false" />
            <line number="87" hits="0" branch="false" />
            <line number="88" hits="0" branch="false" />
            <line number="90" hits="0" branch="true" condition-coverage="0% (0/2)" />
            <line number="91" hits="0" branch="false" />
            <line number="92" hits="0" branch="false" />
            <line number="94" hits="0" branch="true" condition-coverage="0% (0/2)" />
            <line number="95" hits="0" branch="false" />
            <line number="96" hits="0" branch="false" />
            <line number="97" hits="0" branch="false" />
            <line number="100" hits="0" branch="false" />
            <line number="101" hits="0" branch="false" />
            <line number="102" hits="0" branch="false" />
            <line number="107" hits="0" branch="false" />
            <line number="108" hits="0" branch="false" />
          </lines>
        </class>
        <class name="CommerceProject.Areas.Identity.Pages.Account.LogoutModel" filename="C:\Users\Shelby\Documents\GitHub\semester-project-group-4-commerce\CommerceProject\CommerceProject\Areas\Identity\Pages\Account\Logout.cshtml.cs" line-rate="0" branch-rate="0" complexity="4">
          <methods>
            <method name="OnGet" signature="()" line-rate="0" branch-rate="1" complexity="1">
              <lines>
                <line number="26" hits="0" branch="false" />
                <line number="27" hits="0" branch="false" />
              </lines>
            </method>
            <method name=".ctor" signature="(...)" line-rate="0" branch-rate="1" complexity="1">
              <lines>
                <line number="19" hits="0" branch="false" />
                <line number="20" hits="0" branch="false" />
                <line number="21" hits="0" branch="false" />
                <line number="22" hits="0" branch="false" />
                <line number="23" hits="0" branch="false" />
              </lines>
            </method>
            <method name="OnPost" signature="()" line-rate="0" branch-rate="0" complexity="2">
              <lines>
                <line number="30" hits="0" branch="false" />
                <line number="31" hits="0" branch="false" />
                <line number="32" hits="0" branch="false" />
                <line number="33" hits="0" branch="true" condition-coverage="0% (0/2)" />
                <line number="34" hits="0" branch="false" />
                <line number="35" hits="0" branch="false" />
                <line number="38" hits="0" branch="false" />
                <line number="39" hits="0" branch="false" />
                <line number="41" hits="0" branch="false" />
              </lines>
            </method>
          </methods>
          <lines>
            <line number="19" hits="0" branch="false" />
            <line number="20" hits="0" branch="false" />
            <line number="21" hits="0" branch="false" />
            <line number="22" hits="0" branch="false" />
            <line number="23" hits="0" branch="false" />
            <line number="26" hits="0" branch="false" />
            <line number="27" hits="0" branch="false" />
            <line number="30" hits="0" branch="false" />
            <line number="31" hits="0" branch="false" />
            <line number="32" hits="0" branch="false" />
            <line number="33" hits="0" branch="true" condition-coverage="0% (0/2)" />
            <line number="34" hits="0" branch="false" />
            <line number="35" hits="0" branch="false" />
            <line number="38" hits="0" branch="false" />
            <line number="39" hits="0" branch="false" />
            <line number="41" hits="0" branch="false" />
          </lines>
        </class>
        <class name="CommerceProject.Areas.Identity.Pages.Account.RegisterConfirmationModel" filename="C:\Users\Shelby\Documents\GitHub\semester-project-group-4-commerce\CommerceProject\CommerceProject\Areas\Identity\Pages\Account\RegisterConfirmation.cshtml.cs" line-rate="0" branch-rate="0" complexity="10">
          <methods>
            <method name="get_Email" signature="()" line-rate="0" branch-rate="1" complexity="1">
              <lines>
                <line number="24" hits="0" branch="false" />
              </lines>
            </method>
            <method name="get_DisplayConfirmAccountLink" signature="()" line-rate="0" branch-rate="1" complexity="1">
              <lines>
                <line number="26" hits="0" branch="false" />
              </lines>
            </method>
            <method name="get_EmailConfirmationUrl" signature="()" line-rate="0" branch-rate="1" complexity="1">
              <lines>
                <line number="28" hits="0" branch="false" />
              </lines>
            </method>
            <method name=".ctor" signature="(...)" line-rate="0" branch-rate="1" complexity="1">
              <lines>
                <line number="18" hits="0" branch="false" />
                <line number="19" hits="0" branch="false" />
                <line number="20" hits="0" branch="false" />
                <line number="21" hits="0" branch="false" />
                <line number="22" hits="0" branch="false" />
              </lines>
            </method>
            <method name="OnGetAsync" signature="()" line-rate="0" branch-rate="0" complexity="6">
              <lines>
                <line number="31" hits="0" branch="false" />
                <line number="32" hits="0" branch="true" condition-coverage="0% (0/2)" />
                <line number="33" hits="0" branch="false" />
                <line number="34" hits="0" branch="false" />
                <line number="37" hits="0" branch="false" />
                <line number="38" hits="0" branch="true" condition-coverage="0% (0/2)" />
                <line number="39" hits="0" branch="false" />
                <line number="40" hits="0" branch="false" />
                <line number="43" hits="0" branch="false" />
                <line number="45" hits="0" branch="false" />
                <line number="46" hits="0" branch="true" condition-coverage="0% (0/2)" />
                <line number="47" hits="0" branch="false" />
                <line number="48" hits="0" branch="false" />
                <line number="49" hits="0" branch="false" />
                <line number="50" hits="0" branch="false" />
                <line number="51" hits="0" branch="false" />
                <line number="52" hits="0" branch="false" />
                <line number="53" hits="0" branch="false" />
                <line number="54" hits="0" branch="false" />
                <line number="55" hits="0" branch="false" />
                <line number="56" hits="0" branch="false" />
                <line number="58" hits="0" branch="false" />
                <line number="59" hits="0" branch="false" />
              </lines>
            </method>
          </methods>
          <lines>
            <line number="18" hits="0" branch="false" />
            <line number="19" hits="0" branch="false" />
            <line number="20" hits="0" branch="false" />
            <line number="21" hits="0" branch="false" />
            <line number="22" hits="0" branch="false" />
            <line number="24" hits="0" branch="false" />
            <line number="26" hits="0" branch="false" />
            <line number="28" hits="0" branch="false" />
            <line number="31" hits="0" branch="false" />
            <line number="32" hits="0" branch="true" condition-coverage="0% (0/2)" />
            <line number="33" hits="0" branch="false" />
            <line number="34" hits="0" branch="false" />
            <line number="37" hits="0" branch="false" />
            <line number="38" hits="0" branch="true" condition-coverage="0% (0/2)" />
            <line number="39" hits="0" branch="false" />
            <line number="40" hits="0" branch="false" />
            <line number="43" hits="0" branch="false" />
            <line number="45" hits="0" branch="false" />
            <line number="46" hits="0" branch="true" condition-coverage="0% (0/2)" />
            <line number="47" hits="0" branch="false" />
            <line number="48" hits="0" branch="false" />
            <line number="49" hits="0" branch="false" />
            <line number="50" hits="0" branch="false" />
            <line number="51" hits="0" branch="false" />
            <line number="52" hits="0" branch="false" />
            <line number="53" hits="0" branch="false" />
            <line number="54" hits="0" branch="false" />
            <line number="55" hits="0" branch="false" />
            <line number="56" hits="0" branch="false" />
            <line number="58" hits="0" branch="false" />
            <line number="59" hits="0" branch="false" />
          </lines>
        </class>
        <class name="CommerceProject.Areas.Identity.Pages.Account.RegisterModel" filename="C:\Users\Shelby\Documents\GitHub\semester-project-group-4-commerce\CommerceProject\CommerceProject\Areas\Identity\Pages\Account\Register.cshtml.cs" line-rate="0" branch-rate="0" complexity="18">
          <methods>
            <method name="get_Input" signature="()" line-rate="0" branch-rate="1" complexity="1">
              <lines>
                <line number="40" hits="0" branch="false" />
              </lines>
            </method>
            <method name="get_ReturnUrl" signature="()" line-rate="0" branch-rate="1" complexity="1">
              <lines>
                <line number="42" hits="0" branch="false" />
              </lines>
            </method>
            <method name="get_ExternalLogins" signature="()" line-rate="0" branch-rate="1" complexity="1">
              <lines>
                <line number="44" hits="0" branch="false" />
              </lines>
            </method>
            <method name=".ctor" signature="(...)" line-rate="0" branch-rate="1" complexity="1">
              <lines>
                <line number="27" hits="0" branch="false" />
                <line number="28" hits="0" branch="false" />
                <line number="29" hits="0" branch="false" />
                <line number="30" hits="0" branch="false" />
                <line number="31" hits="0" branch="false" />
                <line number="32" hits="0" branch="false" />
                <line number="33" hits="0" branch="false" />
                <line number="34" hits="0" branch="false" />
                <line number="35" hits="0" branch="false" />
                <line number="36" hits="0" branch="false" />
                <line number="37" hits="0" branch="false" />
              </lines>
            </method>
            <method name="get_Email" signature="()" line-rate="0" branch-rate="1" complexity="1">
              <lines>
                <line number="51" hits="0" branch="false" />
              </lines>
            </method>
            <method name="get_Password" signature="()" line-rate="0" branch-rate="1" complexity="1">
              <lines>
                <line number="57" hits="0" branch="false" />
              </lines>
            </method>
            <method name="get_ConfirmPassword" signature="()" line-rate="0" branch-rate="1" complexity="1">
              <lines>
                <line number="62" hits="0" branch="false" />
              </lines>
            </method>
            <method name="OnGetAsync" signature="()" line-rate="0" branch-rate="1" complexity="1">
              <lines>
                <line number="66" hits="0" branch="false" />
                <line number="67" hits="0" branch="false" />
                <line number="68" hits="0" branch="false" />
                <line number="69" hits="0" branch="false" />
              </lines>
            </method>
            <method name="OnPostAsync" signature="()" line-rate="0" branch-rate="0" complexity="10">
              <lines>
                <line number="72" hits="0" branch="false" />
                <line number="73" hits="0" branch="true" condition-coverage="0% (0/2)" />
                <line number="74" hits="0" branch="false" />
                <line number="75" hits="0" branch="true" condition-coverage="0% (0/2)" />
                <line number="76" hits="0" branch="false" />
                <line number="77" hits="0" branch="false" />
                <line number="78" hits="0" branch="false" />
                <line number="79" hits="0" branch="true" condition-coverage="0% (0/2)" />
                <line number="80" hits="0" branch="false" />
                <line number="81" hits="0" branch="false" />
                <line number="83" hits="0" branch="false" />
                <line number="84" hits="0" branch="false" />
                <line number="85" hits="0" branch="false" />
                <line number="86" hits="0" branch="false" />
                <line number="87" hits="0" branch="false" />
                <line number="88" hits="0" branch="false" />
                <line number="89" hits="0" branch="false" />
                <line number="91" hits="0" branch="false" />
                <line number="92" hits="0" branch="false" />
                <line number="94" hits="0" branch="true" condition-coverage="0% (0/2)" />
                <line number="95" hits="0" branch="false" />
                <line number="96" hits="0" branch="false" />
                <line number="99" hits="0" branch="false" />
                <line number="100" hits="0" branch="false" />
                <line number="101" hits="0" branch="false" />
                <line number="104" hits="0" branch="true" condition-coverage="0% (0/2)" />
                <line number="105" hits="0" branch="false" />
                <line number="106" hits="0" branch="false" />
                <line number="107" hits="0" branch="false" />
                <line number="108" hits="0" branch="false" />
                <line number="111" hits="0" branch="false" />
                <line number="112" hits="0" branch="false" />
              </lines>
            </method>
          </methods>
          <lines>
            <line number="27" hits="0" branch="false" />
            <line number="28" hits="0" branch="false" />
            <line number="29" hits="0" branch="false" />
            <line number="30" hits="0" branch="false" />
            <line number="31" hits="0" branch="false" />
            <line number="32" hits="0" branch="false" />
            <line number="33" hits="0" branch="false" />
            <line number="34" hits="0" branch="false" />
            <line number="35" hits="0" branch="false" />
            <line number="36" hits="0" branch="false" />
            <line number="37" hits="0" branch="false" />
            <line number="40" hits="0" branch="false" />
            <line number="42" hits="0" branch="false" />
            <line number="44" hits="0" branch="false" />
            <line number="51" hits="0" branch="false" />
            <line number="57" hits="0" branch="false" />
            <line number="62" hits="0" branch="false" />
            <line number="66" hits="0" branch="false" />
            <line number="67" hits="0" branch="false" />
            <line number="68" hits="0" branch="false" />
            <line number="69" hits="0" branch="false" />
            <line number="72" hits="0" branch="false" />
            <line number="73" hits="0" branch="true" condition-coverage="0% (0/2)" />
            <line number="74" hits="0" branch="false" />
            <line number="75" hits="0" branch="true" condition-coverage="0% (0/2)" />
            <line number="76" hits="0" branch="false" />
            <line number="77" hits="0" branch="false" />
            <line number="78" hits="0" branch="false" />
            <line number="79" hits="0" branch="true" condition-coverage="0% (0/2)" />
            <line number="80" hits="0" branch="false" />
            <line number="81" hits="0" branch="false" />
            <line number="83" hits="0" branch="false" />
            <line number="84" hits="0" branch="false" />
            <line number="85" hits="0" branch="false" />
            <line number="86" hits="0" branch="false" />
            <line number="87" hits="0" branch="false" />
            <line number="88" hits="0" branch="false" />
            <line number="89" hits="0" branch="false" />
            <line number="91" hits="0" branch="false" />
            <line number="92" hits="0" branch="false" />
            <line number="94" hits="0" branch="true" condition-coverage="0% (0/2)" />
            <line number="95" hits="0" branch="false" />
            <line number="96" hits="0" branch="false" />
            <line number="99" hits="0" branch="false" />
            <line number="100" hits="0" branch="false" />
            <line number="101" hits="0" branch="false" />
            <line number="104" hits="0" branch="true" condition-coverage="0% (0/2)" />
            <line number="105" hits="0" branch="false" />
            <line number="106" hits="0" branch="false" />
            <line number="107" hits="0" branch="false" />
            <line number="108" hits="0" branch="false" />
            <line number="111" hits="0" branch="false" />
            <line number="112" hits="0" branch="false" />
          </lines>
        </class>
        <class name="CommerceProject.Areas.Identity.Pages.Account.ResetPasswordConfirmationModel" filename="C:\Users\Shelby\Documents\GitHub\semester-project-group-4-commerce\CommerceProject\CommerceProject\Areas\Identity\Pages\Account\ResetPasswordConfirmation.cshtml.cs" line-rate="0" branch-rate="1" complexity="1">
          <methods>
            <method name="get_ReturnUrl" signature="()" line-rate="0" branch-rate="1" complexity="1">
              <lines>
                <line number="13" hits="0" branch="false" />
              </lines>
            </method>
          </methods>
          <lines>
            <line number="13" hits="0" branch="false" />
          </lines>
        </class>
        <class name="CommerceProject.Areas.Identity.Pages.Account.ResetPasswordModel" filename="C:\Users\Shelby\Documents\GitHub\semester-project-group-4-commerce\CommerceProject\CommerceProject\Areas\Identity\Pages\Account\ResetPassword.cshtml.cs" line-rate="0" branch-rate="0" complexity="16">
          <methods>
            <method name="get_Input" signature="()" line-rate="0" branch-rate="1" complexity="1">
              <lines>
                <line number="26" hits="0" branch="false" />
              </lines>
            </method>
            <method name="OnGet" signature="(...)" line-rate="0" branch-rate="0" complexity="2">
              <lines>
                <line number="48" hits="0" branch="false" />
                <line number="49" hits="0" branch="true" condition-coverage="0% (0/2)" />
                <line number="50" hits="0" branch="false" />
                <line number="51" hits="0" branch="false" />
                <line number="54" hits="0" branch="false" />
                <line number="55" hits="0" branch="false" />
                <line number="56" hits="0" branch="false" />
                <line number="57" hits="0" branch="false" />
                <line number="58" hits="0" branch="false" />
                <line number="59" hits="0" branch="false" />
                <line number="61" hits="0" branch="false" />
              </lines>
            </method>
            <method name=".ctor" signature="(...)" line-rate="0" branch-rate="1" complexity="1">
              <lines>
                <line number="20" hits="0" branch="false" />
                <line number="21" hits="0" branch="false" />
                <line number="22" hits="0" branch="false" />
                <line number="23" hits="0" branch="false" />
              </lines>
            </method>
            <method name="get_Email" signature="()" line-rate="0" branch-rate="1" complexity="1">
              <lines>
                <line number="32" hits="0" branch="false" />
              </lines>
            </method>
            <method name="get_Password" signature="()" line-rate="0" branch-rate="1" complexity="1">
              <lines>
                <line number="37" hits="0" branch="false" />
              </lines>
            </method>
            <method name="get_ConfirmPassword" signature="()" line-rate="0" branch-rate="1" complexity="1">
              <lines>
                <line number="42" hits="0" branch="false" />
              </lines>
            </method>
            <method name="get_Code" signature="()" line-rate="0" branch-rate="1" complexity="1">
              <lines>
                <line number="44" hits="0" branch="false" />
              </lines>
            </method>
            <method name="OnPostAsync" signature="()" line-rate="0" branch-rate="0" complexity="8">
              <lines>
                <line number="64" hits="0" branch="false" />
                <line number="65" hits="0" branch="true" condition-coverage="0% (0/2)" />
                <line number="66" hits="0" branch="false" />
                <line number="67" hits="0" branch="false" />
                <line number="70" hits="0" branch="false" />
                <line number="71" hits="0" branch="true" condition-coverage="0% (0/2)" />
                <line number="72" hits="0" branch="false" />
                <line number="74" hits="0" branch="false" />
                <line number="77" hits="0" branch="false" />
                <line number="78" hits="0" branch="true" condition-coverage="0% (0/2)" />
                <line number="79" hits="0" branch="false" />
                <line number="80" hits="0" branch="false" />
                <line number="83" hits="0" branch="true" condition-coverage="0% (0/2)" />
                <line number="84" hits="0" branch="false" />
                <line number="85" hits="0" branch="false" />
                <line number="86" hits="0" branch="false" />
                <line number="87" hits="0" branch="false" />
                <line number="88" hits="0" branch="false" />
              </lines>
            </method>
          </methods>
          <lines>
            <line number="20" hits="0" branch="false" />
            <line number="21" hits="0" branch="false" />
            <line number="22" hits="0" branch="false" />
            <line number="23" hits="0" branch="false" />
            <line number="26" hits="0" branch="false" />
            <line number="32" hits="0" branch="false" />
            <line number="37" hits="0" branch="false" />
            <line number="42" hits="0" branch="false" />
            <line number="44" hits="0" branch="false" />
            <line number="48" hits="0" branch="false" />
            <line number="49" hits="0" branch="true" condition-coverage="0% (0/2)" />
            <line number="50" hits="0" branch="false" />
            <line number="51" hits="0" branch="false" />
            <line number="54" hits="0" branch="false" />
            <line number="55" hits="0" branch="false" />
            <line number="56" hits="0" branch="false" />
            <line number="57" hits="0" branch="false" />
            <line number="58" hits="0" branch="false" />
            <line number="59" hits="0" branch="false" />
            <line number="61" hits="0" branch="false" />
            <line number="64" hits="0" branch="false" />
            <line number="65" hits="0" branch="true" condition-coverage="0% (0/2)" />
            <line number="66" hits="0" branch="false" />
            <line number="67" hits="0" branch="false" />
            <line number="70" hits="0" branch="false" />
            <line number="71" hits="0" branch="true" condition-coverage="0% (0/2)" />
            <line number="72" hits="0" branch="false" />
            <line number="74" hits="0" branch="false" />
            <line number="77" hits="0" branch="false" />
            <line number="78" hits="0" branch="true" condition-coverage="0% (0/2)" />
            <line number="79" hits="0" branch="false" />
            <line number="80" hits="0" branch="false" />
            <line number="83" hits="0" branch="true" condition-coverage="0% (0/2)" />
            <line number="84" hits="0" branch="false" />
            <line number="85" hits="0" branch="false" />
            <line number="86" hits="0" branch="false" />
            <line number="87" hits="0" branch="false" />
            <line number="88" hits="0" branch="false" />
          </lines>
        </class>
        <class name="CommerceProject.Areas.Identity.RevalidatingIdentityAuthenticationStateProvider`1" filename="C:\Users\Shelby\Documents\GitHub\semester-project-group-4-commerce\CommerceProject\CommerceProject\Areas\Identity\RevalidatingIdentityAuthenticationStateProvider.cs" line-rate="0" branch-rate="0" complexity="14">
          <methods>
            <method name="get_RevalidationInterval" signature="()" line-rate="0" branch-rate="1" complexity="1">
              <lines>
                <line number="31" hits="0" branch="false" />
              </lines>
            </method>
            <method name=".ctor" signature="(...)" line-rate="0" branch-rate="1" complexity="1">
              <lines>
                <line number="25" hits="0" branch="false" />
                <line number="26" hits="0" branch="false" />
                <line number="27" hits="0" branch="false" />
                <line number="28" hits="0" branch="false" />
                <line number="29" hits="0" branch="false" />
              </lines>
            </method>
            <method name="ValidateAuthenticationStateAsync" signature="()" line-rate="0" branch-rate="0" complexity="8">
              <lines>
                <line number="35" hits="0" branch="false" />
                <line number="37" hits="0" branch="false" />
                <line number="39" hits="0" branch="false" />
                <line number="40" hits="0" branch="false" />
                <line number="41" hits="0" branch="false" />
                <line number="44" hits="0" branch="false" />
                <line number="45" hits="0" branch="true" condition-coverage="0% (0/2)" />
                <line number="46" hits="0" branch="false" />
                <line number="47" hits="0" branch="false" />
                <line number="48" hits="0" branch="false" />
                <line number="50" hits="0" branch="false" />
                <line number="51" hits="0" branch="false" />
                <line number="52" hits="0" branch="false" />
                <line number="53" hits="0" branch="true" condition-coverage="0% (0/6)" />
                <line number="54" hits="0" branch="false" />
              </lines>
            </method>
            <method name="ValidateSecurityStampAsync" signature="()" line-rate="0" branch-rate="0" complexity="4">
              <lines>
                <line number="57" hits="0" branch="false" />
                <line number="58" hits="0" branch="false" />
                <line number="59" hits="0" branch="true" condition-coverage="0% (0/2)" />
                <line number="60" hits="0" branch="false" />
                <line number="61" hits="0" branch="false" />
                <line number="63" hits="0" branch="true" condition-coverage="0% (0/2)" />
                <line number="64" hits="0" branch="false" />
                <line number="65" hits="0" branch="false" />
                <line number="68" hits="0" branch="false" />
                <line number="69" hits="0" branch="false" />
                <line number="70" hits="0" branch="false" />
                <line number="71" hits="0" branch="false" />
                <line number="73" hits="0" branch="false" />
              </lines>
            </method>
          </methods>
          <lines>
            <line number="25" hits="0" branch="false" />
            <line number="26" hits="0" branch="false" />
            <line number="27" hits="0" branch="false" />
            <line number="28" hits="0" branch="false" />
            <line number="29" hits="0" branch="false" />
            <line number="31" hits="0" branch="false" />
            <line number="35" hits="0" branch="false" />
            <line number="37" hits="0" branch="false" />
            <line number="39" hits="0" branch="false" />
            <line number="40" hits="0" branch="false" />
            <line number="41" hits="0" branch="false" />
            <line number="44" hits="0" branch="false" />
            <line number="45" hits="0" branch="true" condition-coverage="0% (0/2)" />
            <line number="46" hits="0" branch="false" />
            <line number="47" hits="0" branch="false" />
            <line number="48" hits="0" branch="false" />
            <line number="50" hits="0" branch="false" />
            <line number="51" hits="0" branch="false" />
            <line number="52" hits="0" branch="false" />
            <line number="53" hits="0" branch="true" condition-coverage="0% (0/6)" />
            <line number="54" hits="0" branch="false" />
            <line number="57" hits="0" branch="false" />
            <line number="58" hits="0" branch="false" />
            <line number="59" hits="0" branch="true" condition-coverage="0% (0/2)" />
            <line number="60" hits="0" branch="false" />
            <line number="61" hits="0" branch="false" />
            <line number="63" hits="0" branch="true" condition-coverage="0% (0/2)" />
            <line number="64" hits="0" branch="false" />
            <line number="65" hits="0" branch="false" />
            <line number="68" hits="0" branch="false" />
            <line number="69" hits="0" branch="false" />
            <line number="70" hits="0" branch="false" />
            <line number="71" hits="0" branch="false" />
            <line number="73" hits="0" branch="false" />
          </lines>
        </class>
        <class name="CommerceProject.Data.ApplicationDbContext" filename="C:\Users\Shelby\Documents\GitHub\semester-project-group-4-commerce\CommerceProject\CommerceProject\Data\ApplicationDbContext.cs" line-rate="0" branch-rate="1" complexity="1">
          <methods>
            <method name=".ctor" signature="(...)" line-rate="0" branch-rate="1" complexity="1">
              <lines>
                <line number="12" hits="0" branch="false" />
                <line number="13" hits="0" branch="false" />
                <line number="14" hits="0" branch="false" />
              </lines>
            </method>
          </methods>
          <lines>
            <line number="12" hits="0" branch="false" />
            <line number="13" hits="0" branch="false" />
            <line number="14" hits="0" branch="false" />
          </lines>
        </class>
        <class name="CommerceProject.Data.CommerceProjectContext" filename="C:\Users\Shelby\Documents\GitHub\semester-project-group-4-commerce\CommerceProject\CommerceProject\Areas\Identity\Data\CommerceProjectContext.cs" line-rate="0" branch-rate="1" complexity="2">
          <methods>
            <method name="OnModelCreating" signature="(...)" line-rate="0" branch-rate="1" complexity="1">
              <lines>
                <line number="19" hits="0" branch="false" />
                <line number="20" hits="0" branch="false" />
                <line number="24" hits="0" branch="false" />
              </lines>
            </method>
            <method name=".ctor" signature="(...)" line-rate="0" branch-rate="1" complexity="1">
              <lines>
                <line number="14" hits="0" branch="false" />
                <line number="15" hits="0" branch="false" />
                <line number="16" hits="0" branch="false" />
              </lines>
            </method>
          </methods>
          <lines>
            <line number="14" hits="0" branch="false" />
            <line number="15" hits="0" branch="false" />
            <line number="16" hits="0" branch="false" />
            <line number="19" hits="0" branch="false" />
            <line number="20" hits="0" branch="false" />
            <line number="24" hits="0" branch="false" />
          </lines>
        </class>
        <class name="CommerceProject.Data.GetTransactionData" filename="C:\Users\Shelby\Documents\GitHub\semester-project-group-4-commerce\CommerceProject\CommerceProject\Data\GetTransactionData.cs" line-rate="1" branch-rate="1" complexity="3">
          <methods>
            <method name="get_Connection" signature="()" line-rate="1" branch-rate="1" complexity="1">
              <lines>
                <line number="24" hits="4" branch="false" />
                <line number="25" hits="4" branch="false" />
                <line number="26" hits="4" branch="false" />
              </lines>
            </method>
            <method name="GetTransactions" signature="()" line-rate="1" branch-rate="1" complexity="1">
              <lines>
                <line number="30" hits="2" branch="false" />
                <line number="31" hits="2" branch="false" />
                <line number="32" hits="2" branch="false" />
                <line number="33" hits="2" branch="false" />
                <line number="34" hits="2" branch="false" />
              </lines>
            </method>
            <method name=".ctor" signature="()" line-rate="1" branch-rate="1" complexity="1">
              <lines>
                <line number="15" hits="2" branch="false" />
                <line number="16" hits="2" branch="false" />
                <line number="17" hits="2" branch="false" />
                <line number="19" hits="2" branch="false" />
              </lines>
            </method>
          </methods>
          <lines>
            <line number="15" hits="2" branch="false" />
            <line number="16" hits="2" branch="false" />
            <line number="17" hits="2" branch="false" />
            <line number="19" hits="2" branch="false" />
            <line number="24" hits="4" branch="false" />
            <line number="25" hits="4" branch="false" />
            <line number="26" hits="4" branch="false" />
            <line number="30" hits="2" branch="false" />
            <line number="31" hits="2" branch="false" />
            <line number="32" hits="2" branch="false" />
            <line number="33" hits="2" branch="false" />
            <line number="34" hits="2" branch="false" />
          </lines>
        </class>
        <class name="CommerceProject.Data.Transaction" filename="C:\Users\Shelby\Documents\GitHub\semester-project-group-4-commerce\CommerceProject\CommerceProject\Data\Transaction.cs" line-rate="0.9090909090909091" branch-rate="1" complexity="10">
          <methods>
            <method name="getLocation" signature="()" line-rate="1" branch-rate="1" complexity="1">
              <lines>
                <line number="36" hits="198" branch="false" />
                <line number="37" hits="198" branch="false" />
                <line number="38" hits="198" branch="false" />
              </lines>
            </method>
            <method name="getDate" signature="()" line-rate="1" branch-rate="1" complexity="1">
              <lines>
                <line number="40" hits="198" branch="false" />
                <line number="41" hits="198" branch="false" />
                <line number="42" hits="198" branch="false" />
              </lines>
            </method>
            <method name="get_Amount" signature="()" line-rate="1" branch-rate="1" complexity="1">
              <lines>
                <line number="44" hits="198" branch="false" />
                <line number="45" hits="198" branch="false" />
                <line number="46" hits="198" branch="false" />
              </lines>
            </method>
            <method name="get_TransNum" signature="()" line-rate="0" branch-rate="1" complexity="1">
              <lines>
                <line number="49" hits="0" branch="false" />
                <line number="50" hits="0" branch="false" />
                <line number="51" hits="0" branch="false" />
              </lines>
            </method>
            <method name="get_AccountNum" signature="()" line-rate="1" branch-rate="1" complexity="1">
              <lines>
                <line number="53" hits="198" branch="false" />
                <line number="54" hits="198" branch="false" />
                <line number="55" hits="198" branch="false" />
              </lines>
            </method>
            <method name="getType" signature="()" line-rate="1" branch-rate="1" complexity="1">
              <lines>
                <line number="58" hits="198" branch="false" />
                <line number="59" hits="198" branch="false" />
                <line number="60" hits="198" branch="false" />
              </lines>
            </method>
            <method name="getDescription" signature="()" line-rate="1" branch-rate="1" complexity="1">
              <lines>
                <line number="63" hits="198" branch="false" />
                <line number="64" hits="198" branch="false" />
                <line number="65" hits="198" branch="false" />
              </lines>
            </method>
            <method name="getBalance" signature="()" line-rate="1" branch-rate="1" complexity="1">
              <lines>
                <line number="68" hits="198" branch="false" />
                <line number="69" hits="198" branch="false" />
                <line number="70" hits="198" branch="false" />
              </lines>
            </method>
            <method name=".ctor" signature="(...)" line-rate="1" branch-rate="1" complexity="1">
              <lines>
                <line number="24" hits="1" branch="false" />
                <line number="25" hits="1" branch="false" />
                <line number="26" hits="1" branch="false" />
                <line number="27" hits="1" branch="false" />
                <line number="28" hits="1" branch="false" />
                <line number="29" hits="1" branch="false" />
              </lines>
            </method>
            <method name=".ctor" signature="()" line-rate="1" branch-rate="1" complexity="1">
              <lines>
                <line number="31" hits="198" branch="false" />
                <line number="32" hits="198" branch="false" />
                <line number="34" hits="198" branch="false" />
              </lines>
            </method>
          </methods>
          <lines>
            <line number="24" hits="1" branch="false" />
            <line number="25" hits="1" branch="false" />
            <line number="26" hits="1" branch="false" />
            <line number="27" hits="1" branch="false" />
            <line number="28" hits="1" branch="false" />
            <line number="29" hits="1" branch="false" />
            <line number="31" hits="198" branch="false" />
            <line number="32" hits="198" branch="false" />
            <line number="34" hits="198" branch="false" />
            <line number="36" hits="198" branch="false" />
            <line number="37" hits="198" branch="false" />
            <line number="38" hits="198" branch="false" />
            <line number="40" hits="198" branch="false" />
            <line number="41" hits="198" branch="false" />
            <line number="42" hits="198" branch="false" />
            <line number="44" hits="198" branch="false" />
            <line number="45" hits="198" branch="false" />
            <line number="46" hits="198" branch="false" />
            <line number="49" hits="0" branch="false" />
            <line number="50" hits="0" branch="false" />
            <line number="51" hits="0" branch="false" />
            <line number="53" hits="198" branch="false" />
            <line number="54" hits="198" branch="false" />
            <line number="55" hits="198" branch="false" />
            <line number="58" hits="198" branch="false" />
            <line number="59" hits="198" branch="false" />
            <line number="60" hits="198" branch="false" />
            <line number="63" hits="198" branch="false" />
            <line number="64" hits="198" branch="false" />
            <line number="65" hits="198" branch="false" />
            <line number="68" hits="198" branch="false" />
            <line number="69" hits="198" branch="false" />
            <line number="70" hits="198" branch="false" />
          </lines>
        </class>
        <class name="CommerceProject.Data.WeatherForecast" filename="C:\Users\Shelby\Documents\GitHub\semester-project-group-4-commerce\CommerceProject\CommerceProject\Data\WeatherForecast.cs" line-rate="1" branch-rate="1" complexity="4">
          <methods>
            <method name="get_Date" signature="()" line-rate="1" branch-rate="1" complexity="1">
              <lines>
                <line number="7" hits="30" branch="false" />
              </lines>
            </method>
            <method name="get_TemperatureC" signature="()" line-rate="1" branch-rate="1" complexity="1">
              <lines>
                <line number="9" hits="45" branch="false" />
              </lines>
            </method>
            <method name="get_TemperatureF" signature="()" line-rate="1" branch-rate="1" complexity="1">
              <lines>
                <line number="11" hits="15" branch="false" />
              </lines>
            </method>
            <method name="get_Summary" signature="()" line-rate="1" branch-rate="1" complexity="1">
              <lines>
                <line number="13" hits="30" branch="false" />
              </lines>
            </method>
          </methods>
          <lines>
            <line number="7" hits="30" branch="false" />
            <line number="9" hits="45" branch="false" />
            <line number="11" hits="15" branch="false" />
            <line number="13" hits="30" branch="false" />
          </lines>
        </class>
        <class name="CommerceProject.Data.WeatherForecastService" filename="C:\Users\Shelby\Documents\GitHub\semester-project-group-4-commerce\CommerceProject\CommerceProject\Data\WeatherForecastService.cs" line-rate="1" branch-rate="1" complexity="2">
          <methods>
            <method name="GetForecastAsync" signature="(...)" line-rate="1" branch-rate="1" complexity="1">
              <lines>
                <line number="15" hits="3" branch="false" />
                <line number="16" hits="3" branch="false" />
                <line number="17" hits="18" branch="false" />
                <line number="18" hits="18" branch="false" />
                <line number="19" hits="18" branch="false" />
                <line number="20" hits="18" branch="false" />
                <line number="21" hits="18" branch="false" />
                <line number="22" hits="18" branch="false" />
                <line number="23" hits="3" branch="false" />
              </lines>
            </method>
            <method name=".cctor" signature="()" line-rate="1" branch-rate="1" complexity="1">
              <lines>
                <line number="9" hits="1" branch="false" />
                <line number="10" hits="1" branch="false" />
                <line number="11" hits="1" branch="false" />
                <line number="12" hits="1" branch="false" />
              </lines>
            </method>
          </methods>
          <lines>
            <line number="9" hits="1" branch="false" />
            <line number="10" hits="1" branch="false" />
            <line number="11" hits="1" branch="false" />
            <line number="12" hits="1" branch="false" />
            <line number="15" hits="3" branch="false" />
            <line number="16" hits="3" branch="false" />
            <line number="17" hits="18" branch="false" />
            <line number="18" hits="18" branch="false" />
            <line number="19" hits="18" branch="false" />
            <line number="20" hits="18" branch="false" />
            <line number="21" hits="18" branch="false" />
            <line number="22" hits="18" branch="false" />
            <line number="23" hits="3" branch="false" />
          </lines>
        </class>
        <class name="CommerceProject.Pages.AddTrans" filename="C:\Users\Shelby\Documents\GitHub\semester-project-group-4-commerce\CommerceProject\CommerceProject\Pages\AddTrans.razor" line-rate="0" branch-rate="0" complexity="5">
          <methods>
            <method name="BuildRenderTree" signature="(...)" line-rate="0" branch-rate="0" complexity="4">
              <lines>
                <line number="14" hits="0" branch="true" condition-coverage="0% (0/2)" />
                <line number="15" hits="0" branch="false" />
                <line number="17" hits="0" branch="false" />
                <line number="19" hits="0" branch="false" />
                <line number="33" hits="0" branch="true" condition-coverage="0% (0/2)" />
                <line number="34" hits="0" branch="false" />
                <line number="44" hits="0" branch="false" />
                <line number="47" hits="0" branch="false" />
              </lines>
            </method>
            <method name="OnInitializedAsync" signature="()" line-rate="0" branch-rate="1" complexity="1">
              <lines>
                <line number="57" hits="0" branch="false" />
                <line number="58" hits="0" branch="false" />
                <line number="60" hits="0" branch="false" />
                <line number="62" hits="0" branch="false" />
                <line number="64" hits="0" branch="false" />
              </lines>
            </method>
          </methods>
          <lines>
            <line number="14" hits="0" branch="true" condition-coverage="0% (0/2)" />
            <line number="15" hits="0" branch="false" />
            <line number="17" hits="0" branch="false" />
            <line number="19" hits="0" branch="false" />
            <line number="33" hits="0" branch="true" condition-coverage="0% (0/2)" />
            <line number="34" hits="0" branch="false" />
            <line number="44" hits="0" branch="false" />
            <line number="47" hits="0" branch="false" />
            <line number="57" hits="0" branch="false" />
            <line number="58" hits="0" branch="false" />
            <line number="60" hits="0" branch="false" />
            <line number="62" hits="0" branch="false" />
            <line number="64" hits="0" branch="false" />
          </lines>
        </class>
        <class name="CommerceProject.Pages.Counter" filename="C:\Users\Shelby\Documents\GitHub\semester-project-group-4-commerce\CommerceProject\CommerceProject\Pages\Counter.razor" line-rate="0" branch-rate="1" complexity="2">
          <methods>
            <method name="IncrementCount" signature="()" line-rate="0" branch-rate="1" complexity="1">
              <lines>
                <line number="13" hits="0" branch="false" />
                <line number="14" hits="0" branch="false" />
                <line number="15" hits="0" branch="false" />
              </lines>
            </method>
            <method name=".ctor" signature="()" line-rate="0" branch-rate="1" complexity="1">
              <lines>
                <line number="10" hits="0" branch="false" />
              </lines>
            </method>
          </methods>
          <lines>
            <line number="10" hits="0" branch="false" />
            <line number="13" hits="0" branch="false" />
            <line number="14" hits="0" branch="false" />
            <line number="15" hits="0" branch="false" />
          </lines>
        </class>
        <class name="CommerceProject.Pages.ErrorModel" filename="C:\Users\Shelby\Documents\GitHub\semester-project-group-4-commerce\CommerceProject\CommerceProject\Pages\Error.cshtml.cs" line-rate="0" branch-rate="0" complexity="7">
          <methods>
            <method name="get_RequestId" signature="()" line-rate="0" branch-rate="1" complexity="1">
              <lines>
                <line number="16" hits="0" branch="false" />
              </lines>
            </method>
            <method name="get_ShowRequestId" signature="()" line-rate="0" branch-rate="1" complexity="1">
              <lines>
                <line number="18" hits="0" branch="false" />
              </lines>
            </method>
            <method name="OnGet" signature="()" line-rate="0" branch-rate="0" complexity="4">
              <lines>
                <line number="28" hits="0" branch="false" />
                <line number="29" hits="0" branch="true" condition-coverage="0% (0/4)" />
                <line number="30" hits="0" branch="false" />
              </lines>
            </method>
            <method name=".ctor" signature="(...)" line-rate="0" branch-rate="1" complexity="1">
              <lines>
                <line number="22" hits="0" branch="false" />
                <line number="23" hits="0" branch="false" />
                <line number="24" hits="0" branch="false" />
                <line number="25" hits="0" branch="false" />
              </lines>
            </method>
          </methods>
          <lines>
            <line number="16" hits="0" branch="false" />
            <line number="18" hits="0" branch="false" />
            <line number="22" hits="0" branch="false" />
            <line number="23" hits="0" branch="false" />
            <line number="24" hits="0" branch="false" />
            <line number="25" hits="0" branch="false" />
            <line number="28" hits="0" branch="false" />
            <line number="29" hits="0" branch="true" condition-coverage="0% (0/4)" />
            <line number="30" hits="0" branch="false" />
          </lines>
        </class>
        <class name="CommerceProject.Pages.FetchData" filename="C:\Users\Shelby\Documents\GitHub\semester-project-group-4-commerce\CommerceProject\CommerceProject\Pages\FetchData.razor" line-rate="0.8181818181818182" branch-rate="0.75" complexity="5">
          <methods>
            <method name="BuildRenderTree" signature="(...)" line-rate="0.75" branch-rate="0.75" complexity="4">
              <lines>
                <line number="10" hits="1" branch="true" condition-coverage="50% (1/2)" />
                <line number="11" hits="0" branch="false" />
                <line number="13" hits="0" branch="false" />
                <line number="15" hits="1" branch="false" />
                <line number="26" hits="13" branch="true" condition-coverage="100% (2/2)" />
                <line number="27" hits="5" branch="false" />
                <line number="34" hits="5" branch="false" />
                <line number="37" hits="1" branch="false" />
              </lines>
            </method>
            <method name="OnInitializedAsync" signature="()" line-rate="1" branch-rate="1" complexity="1">
              <lines>
                <line number="43" hits="1" branch="false" />
                <line number="44" hits="1" branch="false" />
                <line number="45" hits="1" branch="false" />
              </lines>
            </method>
          </methods>
          <lines>
            <line number="10" hits="1" branch="true" condition-coverage="50% (1/2)" />
            <line number="11" hits="0" branch="false" />
            <line number="13" hits="0" branch="false" />
            <line number="15" hits="1" branch="false" />
            <line number="26" hits="13" branch="true" condition-coverage="100% (2/2)" />
            <line number="27" hits="5" branch="false" />
            <line number="34" hits="5" branch="false" />
            <line number="37" hits="1" branch="false" />
            <line number="43" hits="1" branch="false" />
            <line number="44" hits="1" branch="false" />
            <line number="45" hits="1" branch="false" />
          </lines>
        </class>
        <class name="CommerceProject.Pages.Home" filename="C:\Users\Shelby\Documents\GitHub\semester-project-group-4-commerce\CommerceProject\CommerceProject\Pages\Home.razor" line-rate="0.875" branch-rate="0.8333333333333334" complexity="8">
          <methods>
            <method name="BuildRenderTree" signature="(...)" line-rate="0.8181818181818182" branch-rate="0.8333333333333334" complexity="6">
              <lines>
                <line number="8" hits="2" branch="true" condition-coverage="50% (1/2)" />
                <line number="9" hits="0" branch="false" />
                <line number="11" hits="0" branch="false" />
                <line number="76" hits="2" branch="false" />
                <line number="77" hits="402" branch="true" condition-coverage="100% (2/2)" />
                <line number="79" hits="198" branch="false" />
                <line number="96" hits="198" branch="false" />
                <line number="98" hits="198" branch="false" />
                <line number="117" hits="26" branch="true" condition-coverage="100% (2/2)" />
                <line number="118" hits="10" branch="false" />
                <line number="125" hits="10" branch="false" />
              </lines>
            </method>
            <method name=".ctor" signature="()" line-rate="1" branch-rate="1" complexity="1">
              <lines>
                <line number="136" hits="2" branch="false" />
              </lines>
            </method>
            <method name="OnInitializedAsync" signature="()" line-rate="1" branch-rate="1" complexity="1">
              <lines>
                <line number="139" hits="2" branch="false" />
                <line number="140" hits="2" branch="false" />
                <line number="141" hits="2" branch="false" />
                <line number="142" hits="2" branch="false" />
              </lines>
            </method>
          </methods>
          <lines>
            <line number="8" hits="2" branch="true" condition-coverage="50% (1/2)" />
            <line number="9" hits="0" branch="false" />
            <line number="11" hits="0" branch="false" />
            <line number="76" hits="2" branch="false" />
            <line number="77" hits="402" branch="true" condition-coverage="100% (2/2)" />
            <line number="79" hits="198" branch="false" />
            <line number="96" hits="198" branch="false" />
            <line number="98" hits="198" branch="false" />
            <line number="117" hits="26" branch="true" condition-coverage="100% (2/2)" />
            <line number="118" hits="10" branch="false" />
            <line number="125" hits="10" branch="false" />
            <line number="136" hits="2" branch="false" />
            <line number="139" hits="2" branch="false" />
            <line number="140" hits="2" branch="false" />
            <line number="141" hits="2" branch="false" />
            <line number="142" hits="2" branch="false" />
          </lines>
        </class>
        <class name="CommerceProject.Pages.RedirectToLogin" filename="C:\Users\Shelby\Documents\GitHub\semester-project-group-4-commerce\CommerceProject\CommerceProject\Pages\RedirectToLogin.razor" line-rate="0" branch-rate="1" complexity="2">
          <methods>
            <method name="get_Url" signature="()" line-rate="0" branch-rate="1" complexity="1">
              <lines>
                <line number="4" hits="0" branch="false" />
              </lines>
            </method>
            <method name="OnInitialized" signature="()" line-rate="0" branch-rate="1" complexity="1">
              <lines>
                <line number="7" hits="0" branch="false" />
                <line number="8" hits="0" branch="false" />
                <line number="9" hits="0" branch="false" />
              </lines>
            </method>
          </methods>
          <lines>
            <line number="4" hits="0" branch="false" />
            <line number="7" hits="0" branch="false" />
            <line number="8" hits="0" branch="false" />
            <line number="9" hits="0" branch="false" />
          </lines>
        </class>
        <class name="CommerceProject.Program" filename="C:\Users\Shelby\Documents\GitHub\semester-project-group-4-commerce\CommerceProject\CommerceProject\Program.cs" line-rate="0" branch-rate="1" complexity="2">
          <methods>
            <method name="Main" signature="(...)" line-rate="0" branch-rate="1" complexity="1">
              <lines>
                <line number="15" hits="0" branch="false" />
                <line number="16" hits="0" branch="false" />
                <line number="17" hits="0" branch="false" />
              </lines>
            </method>
            <method name="CreateHostBuilder" signature="(...)" line-rate="0" branch-rate="1" complexity="1">
              <lines>
                <line number="20" hits="0" branch="false" />
                <line number="21" hits="0" branch="false" />
                <line number="22" hits="0" branch="false" />
                <line number="23" hits="0" branch="false" />
                <line number="24" hits="0" branch="false" />
              </lines>
            </method>
          </methods>
          <lines>
            <line number="15" hits="0" branch="false" />
            <line number="16" hits="0" branch="false" />
            <line number="17" hits="0" branch="false" />
            <line number="20" hits="0" branch="false" />
            <line number="21" hits="0" branch="false" />
            <line number="22" hits="0" branch="false" />
            <line number="23" hits="0" branch="false" />
            <line number="24" hits="0" branch="false" />
          </lines>
        </class>
        <class name="CommerceProject.Services.AuthMessageSenderOptions" filename="C:\Users\Shelby\Documents\GitHub\semester-project-group-4-commerce\CommerceProject\CommerceProject\Services\AuthMessageSenderOptions.cs" line-rate="0" branch-rate="1" complexity="2">
          <methods>
            <method name="get_SendGridUser" signature="()" line-rate="0" branch-rate="1" complexity="1">
              <lines>
                <line number="10" hits="0" branch="false" />
              </lines>
            </method>
            <method name="get_SendGridKey" signature="()" line-rate="0" branch-rate="1" complexity="1">
              <lines>
                <line number="11" hits="0" branch="false" />
              </lines>
            </method>
          </methods>
          <lines>
            <line number="10" hits="0" branch="false" />
            <line number="11" hits="0" branch="false" />
          </lines>
        </class>
        <class name="CommerceProject.Services.EmailSender" filename="C:\Users\Shelby\Documents\GitHub\semester-project-group-4-commerce\CommerceProject\CommerceProject\Services\EmailSender.cs" line-rate="0" branch-rate="1" complexity="4">
          <methods>
            <method name="get_Options" signature="()" line-rate="0" branch-rate="1" complexity="1">
              <lines>
                <line number="16" hits="0" branch="false" />
              </lines>
            </method>
            <method name="SendEmailAsync" signature="(...)" line-rate="0" branch-rate="1" complexity="1">
              <lines>
                <line number="19" hits="0" branch="false" />
                <line number="20" hits="0" branch="false" />
                <line number="21" hits="0" branch="false" />
              </lines>
            </method>
            <method name="Execute" signature="(...)" line-rate="0" branch-rate="1" complexity="1">
              <lines>
                <line number="24" hits="0" branch="false" />
                <line number="25" hits="0" branch="false" />
                <line number="26" hits="0" branch="false" />
                <line number="27" hits="0" branch="false" />
                <line number="28" hits="0" branch="false" />
                <line number="29" hits="0" branch="false" />
                <line number="30" hits="0" branch="false" />
                <line number="31" hits="0" branch="false" />
                <line number="32" hits="0" branch="false" />
                <line number="33" hits="0" branch="false" />
                <line number="37" hits="0" branch="false" />
                <line number="39" hits="0" branch="false" />
                <line number="40" hits="0" branch="false" />
              </lines>
            </method>
            <method name=".ctor" signature="(...)" line-rate="0" branch-rate="1" complexity="1">
              <lines>
                <line number="11" hits="0" branch="false" />
                <line number="12" hits="0" branch="false" />
                <line number="13" hits="0" branch="false" />
                <line number="14" hits="0" branch="false" />
              </lines>
            </method>
          </methods>
          <lines>
            <line number="11" hits="0" branch="false" />
            <line number="12" hits="0" branch="false" />
            <line number="13" hits="0" branch="false" />
            <line number="14" hits="0" branch="false" />
            <line number="16" hits="0" branch="false" />
            <line number="19" hits="0" branch="false" />
            <line number="20" hits="0" branch="false" />
            <line number="21" hits="0" branch="false" />
            <line number="24" hits="0" branch="false" />
            <line number="25" hits="0" branch="false" />
            <line number="26" hits="0" branch="false" />
            <line number="27" hits="0" branch="false" />
            <line number="28" hits="0" branch="false" />
            <line number="29" hits="0" branch="false" />
            <line number="30" hits="0" branch="false" />
            <line number="31" hits="0" branch="false" />
            <line number="32" hits="0" branch="false" />
            <line number="33" hits="0" branch="false" />
            <line number="37" hits="0" branch="false" />
            <line number="39" hits="0" branch="false" />
            <line number="40" hits="0" branch="false" />
          </lines>
        </class>
        <class name="CommerceProject.Shared.SurveyPrompt" filename="C:\Users\Shelby\Documents\GitHub\semester-project-group-4-commerce\CommerceProject\CommerceProject\Shared\SurveyPrompt.razor" line-rate="0" branch-rate="1" complexity="1">
          <methods>
            <method name="get_Title" signature="()" line-rate="0" branch-rate="1" complexity="1">
              <lines>
                <line number="15" hits="0" branch="false" />
              </lines>
            </method>
          </methods>
          <lines>
            <line number="15" hits="0" branch="false" />
          </lines>
        </class>
        <class name="CommerceProject.Startup" filename="C:\Users\Shelby\Documents\GitHub\semester-project-group-4-commerce\CommerceProject\CommerceProject\Startup.cs" line-rate="0" branch-rate="0" complexity="5">
          <methods>
            <method name="get_Configuration" signature="()" line-rate="0" branch-rate="1" complexity="1">
              <lines>
                <line number="34" hits="0" branch="false" />
              </lines>
            </method>
            <method name="ConfigureServices" signature="(...)" line-rate="0" branch-rate="1" complexity="1">
              <lines>
                <line number="39" hits="0" branch="false" />
                <line number="40" hits="0" branch="false" />
                <line number="41" hits="0" branch="false" />
                <line number="42" hits="0" branch="false" />
                <line number="43" hits="0" branch="false" />
                <line number="44" hits="0" branch="false" />
                <line number="45" hits="0" branch="false" />
                <line number="46" hits="0" branch="false" />
                <line number="47" hits="0" branch="false" />
                <line number="48" hits="0" branch="false" />
                <line number="49" hits="0" branch="false" />
                <line number="50" hits="0" branch="false" />
                <line number="51" hits="0" branch="false" />
                <line number="52" hits="0" branch="false" />
                <line number="53" hits="0" branch="false" />
                <line number="54" hits="0" branch="false" />
                <line number="56" hits="0" branch="false" />
                <line number="57" hits="0" branch="false" />
                <line number="58" hits="0" branch="false" />
                <line number="59" hits="0" branch="false" />
                <line number="60" hits="0" branch="false" />
                <line number="61" hits="0" branch="false" />
                <line number="62" hits="0" branch="false" />
                <line number="64" hits="0" branch="false" />
                <line number="65" hits="0" branch="false" />
                <line number="66" hits="0" branch="false" />
              </lines>
            </method>
            <method name="Configure" signature="(...)" line-rate="0" branch-rate="0" complexity="2">
              <lines>
                <line number="70" hits="0" branch="false" />
                <line number="71" hits="0" branch="true" condition-coverage="0% (0/2)" />
                <line number="72" hits="0" branch="false" />
                <line number="73" hits="0" branch="false" />
[...]
        </class>
        <class name="CommerceProject.Pages.Pages__Host" filename="C:\Users\Shelby\Documents\GitHub\semester-project-group-4-commerce\CommerceProject\CommerceProject\Pages\_Host.cshtml" line-rate="0" branch-rate="0" complexity="10">
          <methods>
            <method name="ExecuteAsync" signature="()" line-rate="0" branch-rate="0" complexity="4">
              <lines>
                <line number="5" hits="0" branch="true" condition-coverage="0% (0/4)" />
              </lines>
            </method>
            <method name="&lt;ExecuteAsync" signature="()" line-rate="0" branch-rate="0" complexity="6">
              <lines>
                <line number="28" hits="0" branch="true" condition-coverage="0% (0/6)" />
              </lines>
            </method>
          </methods>
          <lines>
            <line number="5" hits="0" branch="true" condition-coverage="0% (0/4)" />
            <line number="28" hits="0" branch="true" condition-coverage="0% (0/6)" />
          </lines>
        </class>
      </classes>
    </package>
    <package name="CommerceProjectTest" line-rate="0.7222222222222222" branch-rate="1" complexity="5">
      <classes>
        <class name="AutoGeneratedProgram" filename="C:\Users\Shelby\.nuget\packages\microsoft.net.test.sdk\16.7.1\build\netcoreapp2.1\Microsoft.NET.Test.Sdk.Program.cs" line-rate="0" branch-rate="1" complexity="1">
          <methods>
            <method name="Main" signature="(...)" line-rate="0" branch-rate="1" complexity="1">
              <lines>
                <line number="4" hits="0" branch="false" />
              </lines>
            </method>
          </methods>
          <lines>
            <line number="4" hits="0" branch="false" />
          </lines>
        </class>
        <class name="CommerceProjectTest.bUnit.HomeTest" filename="C:\Users\Shelby\Documents\GitHub\semester-project-group-4-commerce\CommerceProject\CommerceProjectTest\bUnit\HomeTest.cs" line-rate="0.6896551724137931" branch-rate="1" complexity="3">
          <methods>
            <method name="HomeTest_TransactionsLoad" signature="()" line-rate="1" branch-rate="1" complexity="1">
              <lines>
                <line number="17" hits="1" branch="false" />
                <line number="18" hits="1" branch="false" />
                <line number="20" hits="1" branch="false" />
                <line number="21" hits="1" branch="false" />
                <line number="23" hits="1" branch="false" />
                <line number="25" hits="1" branch="false" />
                <line number="26" hits="1" branch="false" />
              </lines>
            </method>
            <method name="HomeTest_TransactionTableLoads" signature="()" line-rate="0.6363636363636364" branch-rate="1" complexity="1">
              <lines>
                <line number="30" hits="1" branch="false" />
                <line number="31" hits="1" branch="false" />
                <line number="33" hits="1" branch="false" />
                <line number="34" hits="1" branch="false" />
                <line number="36" hits="1" branch="false" />
                <line number="38" hits="1" branch="false" />
                <line number="39" hits="1" branch="false" />
                <line number="40" hits="0" branch="false" />
                <line number="43" hits="0" branch="false" />
                <line number="44" hits="0" branch="false" />
                <line number="45" hits="0" branch="false" />
              </lines>
            </method>
            <method name="HomeTest_TransactionView" signature="()" line-rate="0.5454545454545454" branch-rate="1" complexity="1">
              <lines>
                <line number="49" hits="1" branch="false" />
                <line number="50" hits="1" branch="false" />
                <line number="52" hits="1" branch="false" />
                <line number="54" hits="1" branch="false" />
                <line number="55" hits="1" branch="false" />
                <line number="56" hits="1" branch="false" />
                <line number="58" hits="0" branch="false" />
                <line number="60" hits="0" branch="false" />
                <line number="61" hits="0" branch="false" />
                <line number="63" hits="0" branch="false" />
                <line number="64" hits="0" branch="false" />
              </lines>
            </method>
          </methods>
          <lines>
            <line number="17" hits="1" branch="false" />
            <line number="18" hits="1" branch="false" />
            <line number="20" hits="1" branch="false" />
            <line number="21" hits="1" branch="false" />
            <line number="23" hits="1" branch="false" />
            <line number="25" hits="1" branch="false" />
            <line number="26" hits="1" branch="false" />
            <line number="30" hits="1" branch="false" />
            <line number="31" hits="1" branch="false" />
            <line number="33" hits="1" branch="false" />
            <line number="34" hits="1" branch="false" />
            <line number="36" hits="1" branch="false" />
            <line number="38" hits="1" branch="false" />
            <line number="39" hits="1" branch="false" />
            <line number="40" hits="0" branch="false" />
            <line number="43" hits="0" branch="false" />
            <line number="44" hits="0" branch="false" />
            <line number="45" hits="0" branch="false" />
            <line number="49" hits="1" branch="false" />
            <line number="50" hits="1" branch="false" />
            <line number="52" hits="1" branch="false" />
            <line number="54" hits="1" branch="false" />
            <line number="55" hits="1" branch="false" />
            <line number="56" hits="1" branch="false" />
            <line number="58" hits="0" branch="false" />
            <line number="60" hits="0" branch="false" />
            <line number="61" hits="0" branch="false" />
            <line number="63" hits="0" branch="false" />
            <line number="64" hits="0" branch="false" />
          </lines>
        </class>
        <class name="CommerceProjectTest.FetchDataTest" filename="C:\Users\Shelby\Documents\GitHub\semester-project-group-4-commerce\CommerceProject\CommerceProjectTest\bUnit\FetchDataTest.cs" line-rate="1" branch-rate="1" complexity="1">
          <methods>
            <method name="TableRenderTest" signature="()" line-rate="1" branch-rate="1" complexity="1">
              <lines>
                <line number="15" hits="1" branch="false" />
                <line number="16" hits="1" branch="false" />
                <line number="18" hits="1" branch="false" />
                <line number="20" hits="1" branch="false" />
                <line number="23" hits="1" branch="false" />
                <line number="24" hits="1" branch="false" />
              </lines>
            </method>
          </methods>
          <lines>
            <line number="15" hits="1" branch="false" />
            <line number="16" hits="1" branch="false" />
            <line number="18" hits="1" branch="false" />
            <line number="20" hits="1" branch="false" />
            <line number="23" hits="1" branch="false" />
            <line number="24" hits="1" branch="false" />
          </lines>
        </class>
      </classes>
    </package>
    <package name="DataAccessLibrary" line-rate="0" branch-rate="1" complexity="22">
      <classes>
        <class name="DataAccessLibrary.Models.PersonModel" filename="C:\Users\Shelby\Documents\GitHub\semester-project-group-4-commerce\DataAccessLibrary\Models\PersonModel.cs" line-rate="0" branch-rate="1" complexity="4">
          <methods>
            <method name="get_ID_Num" signature="()" line-rate="0" branch-rate="1" complexity="1">
              <lines>
                <line number="11" hits="0" branch="false" />
              </lines>
            </method>
            <method name="get_First_Name" signature="()" line-rate="0" branch-rate="1" complexity="1">
              <lines>
                <line number="12" hits="0" branch="false" />
              </lines>
            </method>
            <method name="get_Last_Name" signature="()" line-rate="0" branch-rate="1" complexity="1">
              <lines>
                <line number="13" hits="0" branch="false" />
              </lines>
            </method>
            <method name="get_Email" signature="()" line-rate="0" branch-rate="1" complexity="1">
              <lines>
                <line number="14" hits="0" branch="false" />
              </lines>
            </method>
          </methods>
          <lines>
            <line number="11" hits="0" branch="false" />
            <line number="12" hits="0" branch="false" />
            <line number="13" hits="0" branch="false" />
            <line number="14" hits="0" branch="false" />
          </lines>
        </class>
        <class name="DataAccessLibrary.Models.TransactionModel" filename="C:\Users\Shelby\Documents\GitHub\semester-project-group-4-commerce\DataAccessLibrary\Models\TransactionModel.cs" line-rate="0" branch-rate="1" complexity="8">
          <methods>
            <method name="get_Trans_Num" signature="()" line-rate="0" branch-rate="1" complexity="1">
              <lines>
                <line number="11" hits="0" branch="false" />
              </lines>
            </method>
            <method name="get_Account_Num" signature="()" line-rate="0" branch-rate="1" complexity="1">
              <lines>
                <line number="13" hits="0" branch="false" />
              </lines>
            </method>
            <method name="get_Processing_Date" signature="()" line-rate="0" branch-rate="1" complexity="1">
              <lines>
                <line number="15" hits="0" branch="false" />
              </lines>
            </method>
            <method name="get_Type" signature="()" line-rate="0" branch-rate="1" complexity="1">
              <lines>
                <line number="17" hits="0" branch="false" />
              </lines>
            </method>
            <method name="get_Amount" signature="()" line-rate="0" branch-rate="1" complexity="1">
              <lines>
                <line number="19" hits="0" branch="false" />
              </lines>
            </method>
            <method name="get_Description" signature="()" line-rate="0" branch-rate="1" complexity="1">
              <lines>
                <line number="21" hits="0" branch="false" />
              </lines>
            </method>
            <method name="get_Balance" signature="()" line-rate="0" branch-rate="1" complexity="1">
              <lines>
                <line number="23" hits="0" branch="false" />
              </lines>
            </method>
            <method name="get_Location" signature="()" line-rate="0" branch-rate="1" complexity="1">
              <lines>
                <line number="25" hits="0" branch="false" />
              </lines>
            </method>
          </methods>
          <lines>
            <line number="11" hits="0" branch="false" />
            <line number="13" hits="0" branch="false" />
            <line number="15" hits="0" branch="false" />
            <line number="17" hits="0" branch="false" />
            <line number="19" hits="0" branch="false" />
            <line number="21" hits="0" branch="false" />
            <line number="23" hits="0" branch="false" />
            <line number="25" hits="0" branch="false" />
          </lines>
        </class>
        <class name="DataAccessLibrary.PeopleData" filename="C:\Users\Shelby\Documents\GitHub\semester-project-group-4-commerce\DataAccessLibrary\PeopleData.cs" line-rate="0" branch-rate="1" complexity="3">
          <methods>
            <method name="GetPeople" signature="()" line-rate="0" branch-rate="1" complexity="1">
              <lines>
                <line number="19" hits="0" branch="false" />
                <line number="20" hits="0" branch="false" />
                <line number="22" hits="0" branch="false" />
                <line number="23" hits="0" branch="false" />
              </lines>
            </method>
            <method name="InsertPerson" signature="(...)" line-rate="0" branch-rate="1" complexity="1">
              <lines>
                <line number="26" hits="0" branch="false" />
                <line number="27" hits="0" branch="false" />
                <line number="28" hits="0" branch="false" />
                <line number="30" hits="0" branch="false" />
                <line number="31" hits="0" branch="false" />
              </lines>
            </method>
            <method name=".ctor" signature="(...)" line-rate="0" branch-rate="1" complexity="1">
              <lines>
                <line number="13" hits="0" branch="false" />
                <line number="14" hits="0" branch="false" />
                <line number="15" hits="0" branch="false" />
                <line number="16" hits="0" branch="false" />
              </lines>
            </method>
          </methods>
          <lines>
            <line number="13" hits="0" branch="false" />
            <line number="14" hits="0" branch="false" />
            <line number="15" hits="0" branch="false" />
            <line number="16" hits="0" branch="false" />
            <line number="19" hits="0" branch="false" />
            <line number="20" hits="0" branch="false" />
            <line number="22" hits="0" branch="false" />
            <line number="23" hits="0" branch="false" />
            <line number="26" hits="0" branch="false" />
            <line number="27" hits="0" branch="false" />
            <line number="28" hits="0" branch="false" />
            <line number="30" hits="0" branch="false" />
            <line number="31" hits="0" branch="false" />
          </lines>
        </class>
        <class name="DataAccessLibrary.SqlDataAccess" filename="C:\Users\Shelby\Documents\GitHub\semester-project-group-4-commerce\DataAccessLibrary\SqlDataAccess.cs" line-rate="0" branch-rate="1" complexity="4">
          <methods>
            <method name="get_ConnectionStringName" signature="()" line-rate="0" branch-rate="1" complexity="1">
              <lines>
                <line number="17" hits="0" branch="false" />
              </lines>
            </method>
            <method name=".ctor" signature="(...)" line-rate="0" branch-rate="1" complexity="1">
              <lines>
                <line number="19" hits="0" branch="false" />
                <line number="20" hits="0" branch="false" />
                <line number="21" hits="0" branch="false" />
                <line number="22" hits="0" branch="false" />
              </lines>
            </method>
            <method name="LoadData" signature="()" line-rate="0" branch-rate="1" complexity="1">
              <lines>
                <line number="25" hits="0" branch="false" />
                <line number="26" hits="0" branch="false" />
                <line number="28" hits="0" branch="false" />
                <line number="29" hits="0" branch="false" />
                <line number="30" hits="0" branch="false" />
                <line number="32" hits="0" branch="false" />
                <line number="34" hits="0" branch="false" />
              </lines>
            </method>
            <method name="SaveData" signature="()" line-rate="0" branch-rate="1" complexity="1">
              <lines>
                <line number="37" hits="0" branch="false" />
                <line number="38" hits="0" branch="false" />
                <line number="40" hits="0" branch="false" />
                <line number="41" hits="0" branch="false" />
                <line number="42" hits="0" branch="false" />
                <line number="43" hits="0" branch="false" />
                <line number="44" hits="0" branch="false" />
              </lines>
            </method>
          </methods>
          <lines>
            <line number="17" hits="0" branch="false" />
            <line number="19" hits="0" branch="false" />
            <line number="20" hits="0" branch="false" />
            <line number="21" hits="0" branch="false" />
            <line number="22" hits="0" branch="false" />
            <line number="25" hits="0" branch="false" />
            <line number="26" hits="0" branch="false" />
            <line number="28" hits="0" branch="false" />
            <line number="29" hits="0" branch="false" />
            <line number="30" hits="0" branch="false" />
            <line number="32" hits="0" branch="false" />
            <line number="34" hits="0" branch="false" />
            <line number="37" hits="0" branch="false" />
            <line number="38" hits="0" branch="false" />
            <line number="40" hits="0" branch="false" />
            <line number="41" hits="0" branch="false" />
            <line number="42" hits="0" branch="false" />
            <line number="43" hits="0" branch="false" />
            <line number="44" hits="0" branch="false" />
          </lines>
        </class>
        <class name="DataAccessLibrary.TransactionData" filename="C:\Users\Shelby\Documents\GitHub\semester-project-group-4-commerce\DataAccessLibrary\TransactionData.cs" line-rate="0" branch-rate="1" complexity="3">
          <methods>
            <method name="GetTransactions" signature="(...)" line-rate="0" branch-rate="1" complexity="1">
              <lines>
                <line number="19" hits="0" branch="false" />
                <line number="20" hits="0" branch="false" />
                <line number="21" hits="0" branch="false" />
                <line number="22" hits="0" branch="false" />
                <line number="23" hits="0" branch="false" />
                <line number="24" hits="0" branch="false" />
                <line number="26" hits="0" branch="false" />
                <line number="27" hits="0" branch="false" />
              </lines>
            </method>
            <method name="InsertPerson" signature="(...)" line-rate="0" branch-rate="1" complexity="1">
              <lines>
                <line number="30" hits="0" branch="false" />
                <line number="31" hits="0" branch="false" />
                <line number="32" hits="0" branch="false" />
                <line number="34" hits="0" branch="false" />
                <line number="35" hits="0" branch="false" />
              </lines>
            </method>
            <method name=".ctor" signature="(...)" line-rate="0" branch-rate="1" complexity="1">
              <lines>
                <line number="13" hits="0" branch="false" />
                <line number="14" hits="0" branch="false" />
                <line number="15" hits="0" branch="false" />
                <line number="16" hits="0" branch="false" />
              </lines>
            </method>
          </methods>
          <lines>
            <line number="13" hits="0" branch="false" />
            <line number="14" hits="0" branch="false" />
            <line number="15" hits="0" branch="false" />
            <line number="16" hits="0" branch="false" />
            <line number="19" hits="0" branch="false" />
            <line number="20" hits="0" branch="false" />
            <line number="21" hits="0" branch="false" />
            <line number="22" hits="0" branch="false" />
            <line number="23" hits="0" branch="false" />
            <line number="24" hits="0" branch="false" />
            <line number="26" hits="0" branch="false" />
            <line number="27" hits="0" branch="false" />
            <line number="30" hits="0" branch="false" />
            <line number="31" hits="0" branch="false" />
            <line number="32" hits="0" branch="false" />
            <line number="34" hits="0" branch="false" />
            <line number="35" hits="0" branch="false" />
          </lines>
        </class>
      </classes>
    </package>
  </packages>
</coverage>