TpTrace Verbose: 0 : 12620, 1, 2021/04/12, 12:24:07.770, 13524562353973, vstest.console.dll, Version: 16.9.1
TpTrace Information: 0 : 12620, 1, 2021/04/12, 12:24:07.785, 13524562473155, vstest.console.dll, FilePatternParser: The given file C:\Users\Shelby\Documents\GitHub\semester-project-group-4-commerce\CommerceProject\CommerceProjectTest\bin\Debug\net5.0\fine-code-coverage\build-output\CommerceProjectTest.dll is a full path.
TpTrace Verbose: 0 : 12620, 1, 2021/04/12, 12:24:07.794, 13524562563005, vstest.console.dll, TestPluginCache.DiscoverTestExtensions: finding test extensions in assemblies ends with: RuntimeProvider.dll TPluginInfo: Microsoft.VisualStudio.TestPlatform.Common.ExtensionFramework.Utilities.TestRuntimePluginInformation TExtension: Microsoft.VisualStudio.TestPlatform.ObjectModel.Host.ITestRuntimeProvider
TpTrace Verbose: 0 : 12620, 1, 2021/04/12, 12:24:07.795, 13524562571467, vstest.console.dll, TestPluginCache.GetExtensionPaths: Filtered extension paths: 
TpTrace Verbose: 0 : 12620, 1, 2021/04/12, 12:24:07.795, 13524562573183, vstest.console.dll, TestPluginCache.GetExtensionPaths: Added default extension paths: C:\Program Files\dotnet\sdk\5.0.201\Extensions\Microsoft.Diagnostics.NETCore.Client.dll
C:\Program Files\dotnet\sdk\5.0.201\Extensions\Microsoft.TestPlatform.Extensions.BlameDataCollector.dll
C:\Program Files\dotnet\sdk\5.0.201\Extensions\Microsoft.TestPlatform.Extensions.EventLogCollector.dll
C:\Program Files\dotnet\sdk\5.0.201\Extensions\Microsoft.TestPlatform.TestHostRuntimeProvider.dll
C:\Program Files\dotnet\sdk\5.0.201\Extensions\Microsoft.VisualStudio.TestPlatform.Extensions.Html.TestLogger.dll
C:\Program Files\dotnet\sdk\5.0.201\Extensions\Microsoft.VisualStudio.TestPlatform.Extensions.Trx.TestLogger.dll
TpTrace Verbose: 0 : 12620, 1, 2021/04/12, 12:24:07.795, 13524562573673, vstest.console.dll, TestPluginCache.GetExtensionPaths: Added unfilterableExtensionPaths: 
TpTrace Information: 0 : 12620, 1, 2021/04/12, 12:24:07.796, 13524562582409, vstest.console.dll, AssemblyResolver.ctor: Creating AssemblyResolver with searchDirectories C:\Program Files\dotnet\sdk\5.0.201\Extensions,C:\Program Files\dotnet\sdk\5.0.201
TpTrace Verbose: 0 : 12620, 1, 2021/04/12, 12:24:07.797, 13524562592994, vstest.console.dll, TestPluginCache.DiscoverTestExtensions: Discovering the extensions using extension path.
TpTrace Verbose: 0 : 12620, 1, 2021/04/12, 12:24:07.797, 13524562594267, vstest.console.dll, TestPluginCache.GetExtensionPaths: Filtered extension paths: 
TpTrace Verbose: 0 : 12620, 1, 2021/04/12, 12:24:07.797, 13524562594818, vstest.console.dll, TestPluginCache.GetExtensionPaths: Added default extension paths: C:\Program Files\dotnet\sdk\5.0.201\Extensions\Microsoft.Diagnostics.NETCore.Client.dll
C:\Program Files\dotnet\sdk\5.0.201\Extensions\Microsoft.TestPlatform.Extensions.BlameDataCollector.dll
C:\Program Files\dotnet\sdk\5.0.201\Extensions\Microsoft.TestPlatform.Extensions.EventLogCollector.dll
C:\Program Files\dotnet\sdk\5.0.201\Extensions\Microsoft.TestPlatform.TestHostRuntimeProvider.dll
C:\Program Files\dotnet\sdk\5.0.201\Extensions\Microsoft.VisualStudio.TestPlatform.Extensions.Html.TestLogger.dll
C:\Program Files\dotnet\sdk\5.0.201\Extensions\Microsoft.VisualStudio.TestPlatform.Extensions.Trx.TestLogger.dll
TpTrace Verbose: 0 : 12620, 1, 2021/04/12, 12:24:07.797, 13524562595224, vstest.console.dll, TestPluginCache.GetExtensionPaths: Added unfilterableExtensionPaths: 
TpTrace Verbose: 0 : 12620, 1, 2021/04/12, 12:24:07.797, 13524562595943, vstest.console.dll, TestPluginCache.DiscoverTestExtensions: Discovering the extensions using allExtensionPaths: C:\Program Files\dotnet\sdk\5.0.201\Extensions\Microsoft.Diagnostics.NETCore.Client.dll
C:\Program Files\dotnet\sdk\5.0.201\Extensions\Microsoft.TestPlatform.Extensions.BlameDataCollector.dll
C:\Program Files\dotnet\sdk\5.0.201\Extensions\Microsoft.TestPlatform.Extensions.EventLogCollector.dll
C:\Program Files\dotnet\sdk\5.0.201\Extensions\Microsoft.TestPlatform.TestHostRuntimeProvider.dll
C:\Program Files\dotnet\sdk\5.0.201\Extensions\Microsoft.VisualStudio.TestPlatform.Extensions.Html.TestLogger.dll
C:\Program Files\dotnet\sdk\5.0.201\Extensions\Microsoft.VisualStudio.TestPlatform.Extensions.Trx.TestLogger.dll
TpTrace Information: 0 : 12620, 1, 2021/04/12, 12:24:07.797, 13524562597811, vstest.console.dll, AssemblyResolver.AddSearchDirectories: Adding more searchDirectories C:\Program Files\dotnet\sdk\5.0.201\Extensions,C:\Program Files\dotnet\sdk\5.0.201
TpTrace Information: 0 : 12620, 1, 2021/04/12, 12:24:07.797, 13524562599369, vstest.console.dll, AssemblyResolver.AddSearchDirectories: Adding more searchDirectories C:\Program Files\dotnet\sdk\5.0.201\Extensions,C:\Program Files\dotnet\sdk\5.0.201
TpTrace Information: 0 : 12620, 1, 2021/04/12, 12:24:07.797, 13524562600258, vstest.console.dll, AssemblyResolver.AddSearchDirectories: Adding more searchDirectories C:\Program Files\dotnet\sdk\5.0.201\Extensions,C:\Program Files\dotnet\sdk\5.0.201
TpTrace Information: 0 : 12620, 1, 2021/04/12, 12:24:07.797, 13524562600753, vstest.console.dll, AssemblyResolver.AddSearchDirectories: Adding more searchDirectories C:\Program Files\dotnet\sdk\5.0.201\Extensions,C:\Program Files\dotnet\sdk\5.0.201
TpTrace Information: 0 : 12620, 1, 2021/04/12, 12:24:07.798, 13524562601313, vstest.console.dll, AssemblyResolver.AddSearchDirectories: Adding more searchDirectories C:\Program Files\dotnet\sdk\5.0.201\Extensions,C:\Program Files\dotnet\sdk\5.0.201
TpTrace Information: 0 : 12620, 1, 2021/04/12, 12:24:07.798, 13524562601921, vstest.console.dll, AssemblyResolver.AddSearchDirectories: Adding more searchDirectories C:\Program Files\dotnet\sdk\5.0.201\Extensions,C:\Program Files\dotnet\sdk\5.0.201
TpTrace Information: 0 : 12620, 1, 2021/04/12, 12:24:07.798, 13524562607369, vstest.console.dll, AssemblyResolver.OnResolve: Microsoft.Diagnostics.NETCore.Client: Resolving assembly.
TpTrace Information: 0 : 12620, 1, 2021/04/12, 12:24:07.800, 13524562629452, vstest.console.dll, AssemblyResolver.OnResolve: Resolved assembly: Microsoft.Diagnostics.NETCore.Client, from path: C:\Program Files\dotnet\sdk\5.0.201\Extensions\Microsoft.Diagnostics.NETCore.Client.dll
TpTrace Information: 0 : 12620, 1, 2021/04/12, 12:24:07.804, 13524562663464, vstest.console.dll, AssemblyResolver.OnResolve: Microsoft.Bcl.AsyncInterfaces: Resolving assembly.
TpTrace Information: 0 : 12620, 1, 2021/04/12, 12:24:07.804, 13524562666294, vstest.console.dll, AssemblyResolver.OnResolve: Microsoft.Bcl.AsyncInterfaces: Failed to load assembly.
TpTrace Verbose: 0 : 12620, 1, 2021/04/12, 12:24:07.804, 13524562666939, vstest.console.dll, CurrentDomain_AssemblyResolve: Resolving assembly 'Microsoft.Bcl.AsyncInterfaces'.
TpTrace Information: 0 : 12620, 1, 2021/04/12, 12:24:07.804, 13524562667658, vstest.console.dll, AssemblyResolver.OnResolve: Microsoft.Bcl.AsyncInterfaces: Resolving assembly.
TpTrace Information: 0 : 12620, 1, 2021/04/12, 12:24:07.804, 13524562668133, vstest.console.dll, AssemblyResolver.OnResolve: Microsoft.Bcl.AsyncInterfaces: Resolved from cache.
TpTrace Verbose: 0 : 12620, 1, 2021/04/12, 12:24:07.804, 13524562669025, vstest.console.dll, CurrentDomain_AssemblyResolve: Resolving assembly 'Microsoft.Bcl.AsyncInterfaces'.
TpTrace Verbose: 0 : 12620, 1, 2021/04/12, 12:24:07.804, 13524562669827, vstest.console.dll, CurrentDomainAssemblyResolve: Failed to resolve assembly 'Microsoft.Bcl.AsyncInterfaces'.
TpTrace Verbose: 0 : 12620, 1, 2021/04/12, 12:24:07.805, 13524562677190, vstest.console.dll, CurrentDomainAssemblyResolve: Failed to resolve assembly 'Microsoft.Bcl.AsyncInterfaces'.
TpTrace Warning: 0 : 12620, 1, 2021/04/12, 12:24:07.831, 13524562937821, vstest.console.dll, TestPluginDiscoverer: Failed to get types from assembly 'Microsoft.Diagnostics.NETCore.Client, Version=0.2.2.41902, Culture=neutral, PublicKeyToken=31bf3856ad364e35'.  Skipping test extension scan for this assembly.  Error: System.Reflection.ReflectionTypeLoadException: Unable to load one or more of the requested types.
Could not load file or assembly 'Microsoft.Bcl.AsyncInterfaces, Version=1.0.0.0, Culture=neutral, PublicKeyToken=cc7b13ffcd2ddd51'. The system cannot find the file specified.
   at System.Reflection.RuntimeModule.GetTypes(RuntimeModule module)
   at System.Reflection.RuntimeModule.GetTypes()
   at System.Reflection.Assembly.GetTypes()
   at Microsoft.VisualStudio.TestPlatform.Common.ExtensionFramework.TestPluginDiscoverer.GetTestExtensionsFromAssembly[TPluginInfo,TExtension](Assembly assembly, Dictionary`2 pluginInfos)
System.IO.FileNotFoundException: Could not load file or assembly 'Microsoft.Bcl.AsyncInterfaces, Version=1.0.0.0, Culture=neutral, PublicKeyToken=cc7b13ffcd2ddd51'. The system cannot find the file specified.
File name: 'Microsoft.Bcl.AsyncInterfaces, Version=1.0.0.0, Culture=neutral, PublicKeyToken=cc7b13ffcd2ddd51'
TpTrace Warning: 0 : 12620, 1, 2021/04/12, 12:24:07.831, 13524562940428, vstest.console.dll, LoaderExceptions: System.IO.FileNotFoundException: Could not load file or assembly 'Microsoft.Bcl.AsyncInterfaces, Version=1.0.0.0, Culture=neutral, PublicKeyToken=cc7b13ffcd2ddd51'. The system cannot find the file specified.
File name: 'Microsoft.Bcl.AsyncInterfaces, Version=1.0.0.0, Culture=neutral, PublicKeyToken=cc7b13ffcd2ddd51'
TpTrace Information: 0 : 12620, 1, 2021/04/12, 12:24:07.832, 13524562942069, vstest.console.dll, AssemblyResolver.OnResolve: Microsoft.TestPlatform.Extensions.BlameDataCollector: Resolving assembly.
TpTrace Information: 0 : 12620, 1, 2021/04/12, 12:24:07.833, 13524562958579, vstest.console.dll, AssemblyResolver.OnResolve: Resolved assembly: Microsoft.TestPlatform.Extensions.BlameDataCollector, from path: C:\Program Files\dotnet\sdk\5.0.201\Extensions\Microsoft.TestPlatform.Extensions.BlameDataCollector.dll
TpTrace Information: 0 : 12620, 1, 2021/04/12, 12:24:07.834, 13524562966317, vstest.console.dll, AssemblyResolver.OnResolve: Microsoft.TestPlatform.Extensions.EventLogCollector: Resolving assembly.
TpTrace Information: 0 : 12620, 1, 2021/04/12, 12:24:07.836, 13524562982939, vstest.console.dll, AssemblyResolver.OnResolve: Resolved assembly: Microsoft.TestPlatform.Extensions.EventLogCollector, from path: C:\Program Files\dotnet\sdk\5.0.201\Extensions\Microsoft.TestPlatform.Extensions.EventLogCollector.dll
TpTrace Information: 0 : 12620, 1, 2021/04/12, 12:24:07.837, 13524563000882, vstest.console.dll, AssemblyResolver.OnResolve: Microsoft.TestPlatform.TestHostRuntimeProvider: Resolving assembly.
TpTrace Information: 0 : 12620, 1, 2021/04/12, 12:24:07.839, 13524563018743, vstest.console.dll, AssemblyResolver.OnResolve: Resolved assembly: Microsoft.TestPlatform.TestHostRuntimeProvider, from path: C:\Program Files\dotnet\sdk\5.0.201\Extensions\Microsoft.TestPlatform.TestHostRuntimeProvider.dll
TpTrace Information: 0 : 12620, 1, 2021/04/12, 12:24:07.841, 13524563033822, vstest.console.dll, AssemblyResolver.OnResolve: Microsoft.VisualStudio.TestPlatform.Extensions.Html.TestLogger: Resolving assembly.
TpTrace Information: 0 : 12620, 1, 2021/04/12, 12:24:07.843, 13524563056832, vstest.console.dll, AssemblyResolver.OnResolve: Resolved assembly: Microsoft.VisualStudio.TestPlatform.Extensions.Html.TestLogger, from path: C:\Program Files\dotnet\sdk\5.0.201\Extensions\Microsoft.VisualStudio.TestPlatform.Extensions.Html.TestLogger.dll
TpTrace Information: 0 : 12620, 1, 2021/04/12, 12:24:07.845, 13524563077013, vstest.console.dll, AssemblyResolver.OnResolve: Microsoft.VisualStudio.TestPlatform.Extensions.Trx.TestLogger: Resolving assembly.
TpTrace Information: 0 : 12620, 1, 2021/04/12, 12:24:07.847, 13524563094852, vstest.console.dll, AssemblyResolver.OnResolve: Resolved assembly: Microsoft.VisualStudio.TestPlatform.Extensions.Trx.TestLogger, from path: C:\Program Files\dotnet\sdk\5.0.201\Extensions\Microsoft.VisualStudio.TestPlatform.Extensions.Trx.TestLogger.dll
TpTrace Verbose: 0 : 12620, 1, 2021/04/12, 12:24:07.848, 13524563102637, vstest.console.dll, TestPluginCache: Discovered the extensions using extension path ''.
TpTrace Verbose: 0 : 12620, 1, 2021/04/12, 12:24:07.848, 13524563103596, vstest.console.dll, TestPluginCache: Discoverers are ''.
TpTrace Verbose: 0 : 12620, 1, 2021/04/12, 12:24:07.848, 13524563104079, vstest.console.dll, TestPluginCache: Executors are ''.
TpTrace Verbose: 0 : 12620, 1, 2021/04/12, 12:24:07.848, 13524563105425, vstest.console.dll, TestPluginCache: Executors2 are ''.
TpTrace Verbose: 0 : 12620, 1, 2021/04/12, 12:24:07.848, 13524563106048, vstest.console.dll, TestPluginCache: Setting providers are ''.
TpTrace Verbose: 0 : 12620, 1, 2021/04/12, 12:24:07.848, 13524563106554, vstest.console.dll, TestPluginCache: Loggers are ''.
TpTrace Information: 0 : 12620, 1, 2021/04/12, 12:24:07.855, 13524563175337, vstest.console.dll, RunTestsArgumentProcessor:Execute: Test run is starting.
TpTrace Verbose: 0 : 12620, 1, 2021/04/12, 12:24:07.855, 13524563176891, vstest.console.dll, RunTestsArgumentProcessor:Execute: Queuing Test run.
TpTrace Information: 0 : 12620, 1, 2021/04/12, 12:24:07.855, 13524563180057, vstest.console.dll, TestRequestManager.RunTests: run tests started.
TpTrace Information: 0 : 12620, 1, 2021/04/12, 12:24:07.863, 13524563252792, vstest.console.dll, AssemblyMetadataProvider.GetFrameWork: Determined framework:'.NETCoreApp,Version=v5.0' for source: 'C:\Users\Shelby\Documents\GitHub\semester-project-group-4-commerce\CommerceProject\CommerceProjectTest\bin\Debug\net5.0\fine-code-coverage\build-output\CommerceProjectTest.dll'
TpTrace Information: 0 : 12620, 1, 2021/04/12, 12:24:07.863, 13524563254788, vstest.console.dll, Determined framework for all sources: .NETCoreApp,Version=v5.0
TpTrace Information: 0 : 12620, 1, 2021/04/12, 12:24:07.863, 13524563259112, vstest.console.dll, AssemblyMetadataProvider.GetArchitecture: Determined architecture:AnyCPU info for assembly: C:\Users\Shelby\Documents\GitHub\semester-project-group-4-commerce\CommerceProject\CommerceProjectTest\bin\Debug\net5.0\fine-code-coverage\build-output\CommerceProjectTest.dll
TpTrace Information: 0 : 12620, 1, 2021/04/12, 12:24:07.865, 13524563278617, vstest.console.dll, Determined platform for all sources: X64
TpTrace Information: 0 : 12620, 1, 2021/04/12, 12:24:07.868, 13524563308743, vstest.console.dll, Compatible sources list : 
TpTrace Information: 0 : 12620, 1, 2021/04/12, 12:24:07.868, 13524563310011, vstest.console.dll, C:\Users\Shelby\Documents\GitHub\semester-project-group-4-commerce\CommerceProject\CommerceProjectTest\bin\Debug\net5.0\fine-code-coverage\build-output\CommerceProjectTest.dll
TpTrace Information: 0 : 12620, 1, 2021/04/12, 12:24:07.871, 13524563332448, vstest.console.dll, InferRunSettingsHelper.IsTestSettingsEnabled: Unable to navigate to RunSettings/MSTest. Current node: RunSettings
TpTrace Information: 0 : 12620, 1, 2021/04/12, 12:24:07.871, 13524563339995, vstest.console.dll, AssemblyResolver.OnResolve: Microsoft.VisualStudio.TestPlatform.Fakes: Resolving assembly.
TpTrace Information: 0 : 12620, 1, 2021/04/12, 12:24:07.872, 13524563342591, vstest.console.dll, AssemblyResolver.OnResolve: Microsoft.VisualStudio.TestPlatform.Fakes: Failed to load assembly.
TpTrace Information: 0 : 12620, 1, 2021/04/12, 12:24:07.872, 13524563346294, vstest.console.dll, Failed to create newly implemented Fakes Configurator. Reason:System.IO.FileNotFoundException: Could not load file or assembly 'Microsoft.VisualStudio.TestPlatform.Fakes, Version=16.0.0.0, Culture=neutral, PublicKeyToken=null'. The system cannot find the file specified.
File name: 'Microsoft.VisualStudio.TestPlatform.Fakes, Version=16.0.0.0, Culture=neutral, PublicKeyToken=null'
   at System.Reflection.RuntimeAssembly.InternalLoad(ObjectHandleOnStack assemblyName, ObjectHandleOnStack requestingAssembly, StackCrawlMarkHandle stackMark, Boolean throwOnFileNotFound, ObjectHandleOnStack assemblyLoadContext, ObjectHandleOnStack retAssembly)
   at System.Reflection.RuntimeAssembly.InternalLoad(AssemblyName assemblyName, RuntimeAssembly requestingAssembly, StackCrawlMark& stackMark, Boolean throwOnFileNotFound, AssemblyLoadContext assemblyLoadContext)
   at System.Reflection.Assembly.Load(AssemblyName assemblyRef)
   at Microsoft.VisualStudio.TestPlatform.Common.Utilities.FakesUtilities.TryGetFakesCrossPlatformDataCollectorConfigurator() 
TpTrace Verbose: 0 : 12620, 1, 2021/04/12, 12:24:07.877, 13524563396352, vstest.console.dll, TestPluginCache.DiscoverTestExtensions: finding test extensions in assemblies ends with: TestLogger.dll TPluginInfo: Microsoft.VisualStudio.TestPlatform.Common.ExtensionFramework.Utilities.TestLoggerPluginInformation TExtension: Microsoft.VisualStudio.TestPlatform.ObjectModel.Client.ITestLogger
TpTrace Verbose: 0 : 12620, 1, 2021/04/12, 12:24:07.877, 13524563397604, vstest.console.dll, TestPluginCache.GetExtensionPaths: Filtered extension paths: 
TpTrace Verbose: 0 : 12620, 1, 2021/04/12, 12:24:07.877, 13524563398051, vstest.console.dll, TestPluginCache.GetExtensionPaths: Added default extension paths: C:\Program Files\dotnet\sdk\5.0.201\Extensions\Microsoft.Diagnostics.NETCore.Client.dll
C:\Program Files\dotnet\sdk\5.0.201\Extensions\Microsoft.TestPlatform.Extensions.BlameDataCollector.dll
C:\Program Files\dotnet\sdk\5.0.201\Extensions\Microsoft.TestPlatform.Extensions.EventLogCollector.dll
C:\Program Files\dotnet\sdk\5.0.201\Extensions\Microsoft.TestPlatform.TestHostRuntimeProvider.dll
C:\Program Files\dotnet\sdk\5.0.201\Extensions\Microsoft.VisualStudio.TestPlatform.Extensions.Html.TestLogger.dll
C:\Program Files\dotnet\sdk\5.0.201\Extensions\Microsoft.VisualStudio.TestPlatform.Extensions.Trx.TestLogger.dll
TpTrace Verbose: 0 : 12620, 1, 2021/04/12, 12:24:07.877, 13524563398653, vstest.console.dll, TestPluginCache.GetExtensionPaths: Added unfilterableExtensionPaths: 
TpTrace Information: 0 : 12620, 1, 2021/04/12, 12:24:07.877, 13524563400437, vstest.console.dll, AssemblyResolver.AddSearchDirectories: Adding more searchDirectories C:\Program Files\dotnet\sdk\5.0.201\Extensions,C:\Program Files\dotnet\sdk\5.0.201
TpTrace Verbose: 0 : 12620, 1, 2021/04/12, 12:24:07.877, 13524563401014, vstest.console.dll, TestPluginCache.DiscoverTestExtensions: Discovering the extensions using extension path.
TpTrace Verbose: 0 : 12620, 1, 2021/04/12, 12:24:07.878, 13524563401390, vstest.console.dll, TestPluginCache.GetExtensionPaths: Filtered extension paths: 
TpTrace Verbose: 0 : 12620, 1, 2021/04/12, 12:24:07.878, 13524563401742, vstest.console.dll, TestPluginCache.GetExtensionPaths: Added default extension paths: C:\Program Files\dotnet\sdk\5.0.201\Extensions\Microsoft.Diagnostics.NETCore.Client.dll
C:\Program Files\dotnet\sdk\5.0.201\Extensions\Microsoft.TestPlatform.Extensions.BlameDataCollector.dll
C:\Program Files\dotnet\sdk\5.0.201\Extensions\Microsoft.TestPlatform.Extensions.EventLogCollector.dll
C:\Program Files\dotnet\sdk\5.0.201\Extensions\Microsoft.TestPlatform.TestHostRuntimeProvider.dll
C:\Program Files\dotnet\sdk\5.0.201\Extensions\Microsoft.VisualStudio.TestPlatform.Extensions.Html.TestLogger.dll
C:\Program Files\dotnet\sdk\5.0.201\Extensions\Microsoft.VisualStudio.TestPlatform.Extensions.Trx.TestLogger.dll
TpTrace Verbose: 0 : 12620, 1, 2021/04/12, 12:24:07.878, 13524563402207, vstest.console.dll, TestPluginCache.GetExtensionPaths: Added unfilterableExtensionPaths: 
TpTrace Verbose: 0 : 12620, 1, 2021/04/12, 12:24:07.878, 13524563402577, vstest.console.dll, TestPluginCache.DiscoverTestExtensions: Discovering the extensions using allExtensionPaths: C:\Program Files\dotnet\sdk\5.0.201\Extensions\Microsoft.Diagnostics.NETCore.Client.dll
C:\Program Files\dotnet\sdk\5.0.201\Extensions\Microsoft.TestPlatform.Extensions.BlameDataCollector.dll
C:\Program Files\dotnet\sdk\5.0.201\Extensions\Microsoft.TestPlatform.Extensions.EventLogCollector.dll
C:\Program Files\dotnet\sdk\5.0.201\Extensions\Microsoft.TestPlatform.TestHostRuntimeProvider.dll
C:\Program Files\dotnet\sdk\5.0.201\Extensions\Microsoft.VisualStudio.TestPlatform.Extensions.Html.TestLogger.dll
C:\Program Files\dotnet\sdk\5.0.201\Extensions\Microsoft.VisualStudio.TestPlatform.Extensions.Trx.TestLogger.dll
TpTrace Information: 0 : 12620, 1, 2021/04/12, 12:24:07.878, 13524563403121, vstest.console.dll, AssemblyResolver.AddSearchDirectories: Adding more searchDirectories C:\Program Files\dotnet\sdk\5.0.201\Extensions,C:\Program Files\dotnet\sdk\5.0.201
TpTrace Information: 0 : 12620, 1, 2021/04/12, 12:24:07.878, 13524563403550, vstest.console.dll, AssemblyResolver.AddSearchDirectories: Adding more searchDirectories C:\Program Files\dotnet\sdk\5.0.201\Extensions,C:\Program Files\dotnet\sdk\5.0.201
TpTrace Information: 0 : 12620, 1, 2021/04/12, 12:24:07.878, 13524563403938, vstest.console.dll, AssemblyResolver.AddSearchDirectories: Adding more searchDirectories C:\Program Files\dotnet\sdk\5.0.201\Extensions,C:\Program Files\dotnet\sdk\5.0.201
TpTrace Information: 0 : 12620, 1, 2021/04/12, 12:24:07.878, 13524563404362, vstest.console.dll, AssemblyResolver.AddSearchDirectories: Adding more searchDirectories C:\Program Files\dotnet\sdk\5.0.201\Extensions,C:\Program Files\dotnet\sdk\5.0.201
TpTrace Information: 0 : 12620, 1, 2021/04/12, 12:24:07.878, 13524563404722, vstest.console.dll, AssemblyResolver.AddSearchDirectories: Adding more searchDirectories C:\Program Files\dotnet\sdk\5.0.201\Extensions,C:\Program Files\dotnet\sdk\5.0.201
TpTrace Information: 0 : 12620, 1, 2021/04/12, 12:24:07.878, 13524563405077, vstest.console.dll, AssemblyResolver.AddSearchDirectories: Adding more searchDirectories C:\Program Files\dotnet\sdk\5.0.201\Extensions,C:\Program Files\dotnet\sdk\5.0.201
TpTrace Information: 0 : 12620, 1, 2021/04/12, 12:24:07.878, 13524563407481, vstest.console.dll, AssemblyResolver.OnResolve: Microsoft.Bcl.AsyncInterfaces: Resolving assembly.
TpTrace Information: 0 : 12620, 1, 2021/04/12, 12:24:07.878, 13524563407953, vstest.console.dll, AssemblyResolver.OnResolve: Microsoft.Bcl.AsyncInterfaces: Resolved from cache.
TpTrace Verbose: 0 : 12620, 1, 2021/04/12, 12:24:07.878, 13524563408453, vstest.console.dll, CurrentDomain_AssemblyResolve: Resolving assembly 'Microsoft.Bcl.AsyncInterfaces'.
TpTrace Information: 0 : 12620, 1, 2021/04/12, 12:24:07.878, 13524563409280, vstest.console.dll, AssemblyResolver.OnResolve: Microsoft.Bcl.AsyncInterfaces: Resolving assembly.
TpTrace Information: 0 : 12620, 1, 2021/04/12, 12:24:07.878, 13524563409964, vstest.console.dll, AssemblyResolver.OnResolve: Microsoft.Bcl.AsyncInterfaces: Resolved from cache.
TpTrace Verbose: 0 : 12620, 1, 2021/04/12, 12:24:07.878, 13524563410578, vstest.console.dll, CurrentDomain_AssemblyResolve: Resolving assembly 'Microsoft.Bcl.AsyncInterfaces'.
TpTrace Verbose: 0 : 12620, 1, 2021/04/12, 12:24:07.878, 13524563411088, vstest.console.dll, CurrentDomainAssemblyResolve: Failed to resolve assembly 'Microsoft.Bcl.AsyncInterfaces'.
TpTrace Verbose: 0 : 12620, 1, 2021/04/12, 12:24:07.879, 13524563412726, vstest.console.dll, CurrentDomainAssemblyResolve: Failed to resolve assembly 'Microsoft.Bcl.AsyncInterfaces'.
TpTrace Warning: 0 : 12620, 1, 2021/04/12, 12:24:07.879, 13524563415490, vstest.console.dll, TestPluginDiscoverer: Failed to get types from assembly 'Microsoft.Diagnostics.NETCore.Client, Version=0.2.2.41902, Culture=neutral, PublicKeyToken=31bf3856ad364e35'.  Skipping test extension scan for this assembly.  Error: System.Reflection.ReflectionTypeLoadException: Unable to load one or more of the requested types.
Could not load file or assembly 'Microsoft.Bcl.AsyncInterfaces, Version=1.0.0.0, Culture=neutral, PublicKeyToken=cc7b13ffcd2ddd51'. The system cannot find the file specified.
   at System.Reflection.RuntimeModule.GetTypes(RuntimeModule module)
   at System.Reflection.RuntimeModule.GetTypes()
   at System.Reflection.Assembly.GetTypes()
   at Microsoft.VisualStudio.TestPlatform.Common.ExtensionFramework.TestPluginDiscoverer.GetTestExtensionsFromAssembly[TPluginInfo,TExtension](Assembly assembly, Dictionary`2 pluginInfos)
System.IO.FileNotFoundException: Could not load file or assembly 'Microsoft.Bcl.AsyncInterfaces, Version=1.0.0.0, Culture=neutral, PublicKeyToken=cc7b13ffcd2ddd51'. The system cannot find the file specified.
File name: 'Microsoft.Bcl.AsyncInterfaces, Version=1.0.0.0, Culture=neutral, PublicKeyToken=cc7b13ffcd2ddd51'
TpTrace Warning: 0 : 12620, 1, 2021/04/12, 12:24:07.879, 13524563416049, vstest.console.dll, LoaderExceptions: System.IO.FileNotFoundException: Could not load file or assembly 'Microsoft.Bcl.AsyncInterfaces, Version=1.0.0.0, Culture=neutral, PublicKeyToken=cc7b13ffcd2ddd51'. The system cannot find the file specified.
File name: 'Microsoft.Bcl.AsyncInterfaces, Version=1.0.0.0, Culture=neutral, PublicKeyToken=cc7b13ffcd2ddd51'
TpTrace Verbose: 0 : 12620, 1, 2021/04/12, 12:24:07.879, 13524563419726, vstest.console.dll, TestPluginCache: Discovered the extensions using extension path ''.
TpTrace Verbose: 0 : 12620, 1, 2021/04/12, 12:24:07.879, 13524563420283, vstest.console.dll, TestPluginCache: Discoverers are ''.
TpTrace Verbose: 0 : 12620, 1, 2021/04/12, 12:24:07.879, 13524563420633, vstest.console.dll, TestPluginCache: Executors are ''.
TpTrace Verbose: 0 : 12620, 1, 2021/04/12, 12:24:07.879, 13524563420955, vstest.console.dll, TestPluginCache: Executors2 are ''.
TpTrace Verbose: 0 : 12620, 1, 2021/04/12, 12:24:07.880, 13524563421266, vstest.console.dll, TestPluginCache: Setting providers are ''.
TpTrace Verbose: 0 : 12620, 1, 2021/04/12, 12:24:07.880, 13524563422030, vstest.console.dll, TestPluginCache: Loggers are 'logger://Microsoft/TestPlatform/Extensions/Blame/v1,logger://Microsoft/TestPlatform/HtmlLogger/v1,logger://Microsoft/TestPlatform/TrxLogger/v1'.
TpTrace Information: 0 : 12620, 1, 2021/04/12, 12:24:07.880, 13524563428009, vstest.console.dll, TestPluginManager.CreateTestExtension: Attempting to load test extension: Microsoft.TestPlatform.Extensions.BlameDataCollector.BlameLogger
TpTrace Information: 0 : 12620, 1, 2021/04/12, 12:24:07.891, 13524563541194, vstest.console.dll, TestPluginManager.CreateTestExtension: Attempting to load test extension: Microsoft.VisualStudio.TestPlatform.CrossPlatEngine.Hosting.DefaultTestHostManager
TpTrace Information: 0 : 12620, 1, 2021/04/12, 12:24:07.892, 13524563546491, vstest.console.dll, TestPluginManager.CreateTestExtension: Attempting to load test extension: Microsoft.VisualStudio.TestPlatform.CrossPlatEngine.Hosting.DotnetTestHostManager
TpTrace Verbose: 0 : 12620, 1, 2021/04/12, 12:24:07.893, 13524563555594, vstest.console.dll, TestEngine: Initializing Parallel Execution as MaxCpuCount is set to: 1
TpTrace Information: 0 : 12620, 1, 2021/04/12, 12:24:07.894, 13524563561283, vstest.console.dll, InferRunSettingsHelper.IsTestSettingsEnabled: Unable to navigate to RunSettings/MSTest. Current node: RunSettings
TpTrace Verbose: 0 : 12620, 1, 2021/04/12, 12:24:07.908, 13524563707314, vstest.console.dll, TestRequestSender is acting as server
TpTrace Verbose: 0 : 12620, 4, 2021/04/12, 12:24:07.912, 13524563747619, vstest.console.dll, DataCollectionRequestSender.InitializeCommunication : Initialize communication. 
TpTrace Information: 0 : 12620, 4, 2021/04/12, 12:24:07.926, 13524563889659, vstest.console.dll, Listening on Endpoint : 127.0.0.1:54818
TpTrace Verbose: 0 : 12620, 4, 2021/04/12, 12:24:07.941, 13524564034903, vstest.console.dll, DotnetDataCollectionLauncher: Full path of dotnet.exe is C:\Program Files\dotnet\dotnet.exe
TpTrace Verbose: 0 : 12620, 4, 2021/04/12, 12:24:07.941, 13524564036869, vstest.console.dll, DotnetDataCollectionLauncher: Adding  --runtimeconfig "C:\Program Files\dotnet\sdk\5.0.201\datacollector.runtimeconfig.json" in args
TpTrace Verbose: 0 : 12620, 4, 2021/04/12, 12:24:07.941, 13524564037833, vstest.console.dll, DotnetDataCollectionLauncher: Adding  --depsfile "C:\Program Files\dotnet\sdk\5.0.201\datacollector.deps.json" in args
TpTrace Information: 0 : 12620, 4, 2021/04/12, 12:24:07.950, 13524564126052, vstest.console.dll, ProxyDataCollectionManager.Initialize: Launched datacollector processId: 21356 port: 54818
TpTrace Information: 0 : 12620, 4, 2021/04/12, 12:24:07.950, 13524564128908, vstest.console.dll, ProxyDataCollectionManager.Initialize: waiting for connection with timeout: 90 seconds
TpTrace Verbose: 0 : 12620, 4, 2021/04/12, 12:24:07.950, 13524564130652, vstest.console.dll, DataCollectionRequestSender.WaitForRequestHandlerConnection : Waiting for connection with timeout: 90000
TpTrace Information: 0 : 12620, 7, 2021/04/12, 12:24:08.145, 13524566079920, vstest.console.dll, Using the buffer size of 16384 bytes
TpTrace Verbose: 0 : 12620, 4, 2021/04/12, 12:24:08.145, 13524566080761, vstest.console.dll, ProxyDataCollectionManager.InvokeDataCollectionServiceAction: Starting.
TpTrace Information: 0 : 12620, 7, 2021/04/12, 12:24:08.146, 13524566081776, vstest.console.dll, Accepted Client request and set the flag
TpTrace Information: 0 : 12620, 4, 2021/04/12, 12:24:08.146, 13524566082003, vstest.console.dll, ProxyDataCollectionManager.BeforeTestRunStart: Get environment variable and port for datacollector processId: 21356 port: 54818
TpTrace Verbose: 0 : 12620, 4, 2021/04/12, 12:24:08.146, 13524566084168, vstest.console.dll, DataCollectionRequestSender.SendBeforeTestRunStartAndGetResult : Send BeforeTestRunStart message with settingsXml <RunSettings><RunConfiguration><ResultsDirectory>C:\Users\Shelby\Documents\GitHub\semester-project-group-4-commerce\CommerceProject\CommerceProjectTest\bin\Debug\net5.0\fine-code-coverage\coverage-tool-output</ResultsDirectory><TargetPlatform>X64</TargetPlatform><TargetFrameworkVersion>.NETCoreApp,Version=v5.0</TargetFrameworkVersion><DesignMode>False</DesignMode><CollectSourceInformation>False</CollectSourceInformation><TestAdaptersPaths>C:\Program Files\dotnet\sdk\5.0.201\Extensions</TestAdaptersPaths></RunConfiguration><LoggerRunSettings><Loggers><Logger friendlyName="blame" enabled="True" /><Logger friendlyName="Console" uri="logger://microsoft/TestPlatform/ConsoleLogger/v1" assemblyQualifiedName="Microsoft.VisualStudio.TestPlatform.CommandLine.Internal.ConsoleLogger, vstest.console, Version=15.0.0.0, Culture=neutral, PublicKeyToken=b03f5f7f11d50a3a" codeBase="C:\Program Files\dotnet\sdk\5.0.201\vstest.console.dll" enabled="True" /></Loggers></LoggerRunSettings><DataCollectionRunSettings><DataCollectors><DataCollector friendlyName="blame" enabled="True"><Configuration><ResultsDirectory>C:\Users\Shelby\Documents\GitHub\semester-project-group-4-commerce\CommerceProject\CommerceProjectTest\bin\Debug\net5.0\fine-code-coverage\coverage-tool-output</ResultsDirectory></Configuration></DataCollector></DataCollectors></DataCollectionRunSettings></RunSettings> and sources System.Linq.Enumerable+Concat2Iterator`1[System.String]: 
TpTrace Verbose: 0 : 12620, 4, 2021/04/12, 12:24:08.229, 13524566918967, vstest.console.dll, DataCollectionRequestSender.SendBeforeTestRunStartAndGetResult : Received message: (DataCollection.SendMessage) -> {
  "FriendlyName": null,
  "Uri": null,
  "TestCaseId": "00000000-0000-0000-0000-000000000000",
  "Message": "Logging DataCollector Diagnostics in file: C:\\Users\\Shelby\\Documents\\GitHub\\semester-project-group-4-commerce\\CommerceProject\\CommerceProjectTest\\bin\\Debug\\net5.0\\fine-code-coverage\\coverage-tool-output\\diagnostics.datacollector.21-04-12_12-24-07_93522_4.log",
  "Level": 0
}
TpTrace Verbose: 0 : 12620, 4, 2021/04/12, 12:24:08.308, 13524567704308, vstest.console.dll, DataCollectionRequestSender.SendBeforeTestRunStartAndGetResult : Received message: (DataCollection.BeforeTestRunStartResult) -> {
  "EnvironmentVariables": {},
  "DataCollectionEventsPort": 54820
}
TpTrace Information: 0 : 12620, 4, 2021/04/12, 12:24:08.313, 13524567759213, vstest.console.dll, ProxyDataCollectionManager.BeforeTestRunStart: SendBeforeTestRunStartAndGetResult successful, env variable from datacollector:   and testhost port: 54820
TpTrace Information: 0 : 12620, 4, 2021/04/12, 12:24:08.313, 13524567760369, vstest.console.dll, ProxyDataCollectionManager.InvokeDataCollectionServiceAction: Completed.
TpTrace Verbose: 0 : 12620, 1, 2021/04/12, 12:24:08.314, 13524567761820, vstest.console.dll, TestRunRequest.ExecuteAsync: Creating test run request.
TpTrace Verbose: 0 : 12620, 1, 2021/04/12, 12:24:08.314, 13524567764529, vstest.console.dll, TestRunRequest.ExecuteAsync: Starting.
TpTrace Information: 0 : 12620, 1, 2021/04/12, 12:24:08.314, 13524567767183, vstest.console.dll, TestRunRequest.ExecuteAsync: Starting run with settings:TestRunCriteria:
   KeepAlive=False,FrequencyOfRunStatsChangeEvent=10,RunStatsChangeEventTimeout=00:00:01.5000000,TestCaseFilter=,TestExecutorLauncher=
   Settingsxml=<RunSettings>
  <RunConfiguration>
    <ResultsDirectory>C:\Users\Shelby\Documents\GitHub\semester-project-group-4-commerce\CommerceProject\CommerceProjectTest\bin\Debug\net5.0\fine-code-coverage\coverage-tool-output</ResultsDirectory>
    <TargetPlatform>X64</TargetPlatform>
    <TargetFrameworkVersion>.NETCoreApp,Version=v5.0</TargetFrameworkVersion>
    <DesignMode>False</DesignMode>
    <CollectSourceInformation>False</CollectSourceInformation>
  </RunConfiguration>
  <LoggerRunSettings>
    <Loggers>
      <Logger friendlyName="blame" enabled="True" />
      <Logger friendlyName="Console" uri="logger://microsoft/TestPlatform/ConsoleLogger/v1" assemblyQualifiedName="Microsoft.VisualStudio.TestPlatform.CommandLine.Internal.ConsoleLogger, vstest.console, Version=15.0.0.0, Culture=neutral, PublicKeyToken=b03f5f7f11d50a3a" codeBase="C:\Program Files\dotnet\sdk\5.0.201\vstest.console.dll" enabled="True" />
    </Loggers>
  </LoggerRunSettings>
  <DataCollectionRunSettings>
    <DataCollectors>
      <DataCollector friendlyName="blame" enabled="True">
        <Configuration>
          <ResultsDirectory>C:\Users\Shelby\Documents\GitHub\semester-project-group-4-commerce\CommerceProject\CommerceProjectTest\bin\Debug\net5.0\fine-code-coverage\coverage-tool-output</ResultsDirectory>
        </Configuration>
      </DataCollector>
    </DataCollectors>
  </DataCollectionRunSettings>
</RunSettings>

TpTrace Verbose: 0 : 12620, 1, 2021/04/12, 12:24:08.314, 13524567768402, vstest.console.dll, TestRunRequest.ExecuteAsync: Wait for the first run request is over.
TpTrace Verbose: 0 : 12620, 1, 2021/04/12, 12:24:08.315, 13524567776035, vstest.console.dll, ParallelProxyExecutionManager: Start execution. Total sources: 1
TpTrace Information: 0 : 12620, 1, 2021/04/12, 12:24:08.316, 13524567783913, vstest.console.dll, ProxyParallelExecutionManager: Triggering test run for next source: C:\Users\Shelby\Documents\GitHub\semester-project-group-4-commerce\CommerceProject\CommerceProjectTest\bin\Debug\net5.0\fine-code-coverage\build-output\CommerceProjectTest.dll
TpTrace Verbose: 0 : 12620, 4, 2021/04/12, 12:24:08.316, 13524567785882, vstest.console.dll, ParallelProxyExecutionManager: Execution started. Started clients: 1
TpTrace Verbose: 0 : 12620, 1, 2021/04/12, 12:24:08.316, 13524567786324, vstest.console.dll, ProxyParallelExecutionManager: No sources available for execution.
TpTrace Information: 0 : 12620, 1, 2021/04/12, 12:24:08.316, 13524567787561, vstest.console.dll, TestRunRequest.ExecuteAsync: Started.
TpTrace Verbose: 0 : 12620, 1, 2021/04/12, 12:24:08.316, 13524567788644, vstest.console.dll, TestRunRequest.WaitForCompletion: Waiting with timeout -1.
TpTrace Verbose: 0 : 12620, 4, 2021/04/12, 12:24:08.316, 13524567790072, vstest.console.dll, TestRunRequest:SendTestRunMessage: Starting.
TpTrace Information: 0 : 12620, 4, 2021/04/12, 12:24:08.316, 13524567791203, vstest.console.dll, TestRunRequest:SendTestRunMessage: Completed.
TpTrace Verbose: 0 : 12620, 4, 2021/04/12, 12:24:08.317, 13524567793193, vstest.console.dll, ProxyExecutionManager: Test host is always Lazy initialize.
TpTrace Verbose: 0 : 12620, 4, 2021/04/12, 12:24:08.317, 13524567795466, vstest.console.dll, TestRequestSender.InitializeCommunication: initialize communication. 
TpTrace Information: 0 : 12620, 4, 2021/04/12, 12:24:08.317, 13524567800254, vstest.console.dll, SocketServer.Start: Listening on endpoint : 127.0.0.1:54821
TpTrace Verbose: 0 : 12620, 4, 2021/04/12, 12:24:08.318, 13524567807103, vstest.console.dll, DotnetTestHostmanager: Adding  --runtimeconfig "C:\Users\Shelby\Documents\GitHub\semester-project-group-4-commerce\CommerceProject\CommerceProjectTest\bin\Debug\net5.0\fine-code-coverage\build-output\CommerceProjectTest.runtimeconfig.json" in args
TpTrace Verbose: 0 : 12620, 4, 2021/04/12, 12:24:08.318, 13524567808166, vstest.console.dll, DotnetTestHostmanager: Adding  --depsfile "C:\Users\Shelby\Documents\GitHub\semester-project-group-4-commerce\CommerceProject\CommerceProjectTest\bin\Debug\net5.0\fine-code-coverage\build-output\CommerceProjectTest.deps.json" in args
TpTrace Verbose: 0 : 12620, 4, 2021/04/12, 12:24:08.318, 13524567810465, vstest.console.dll, DotnetTestHostManager: Testhost.exe/testhost.x86.exe found at path: C:\Users\Shelby\Documents\GitHub\semester-project-group-4-commerce\CommerceProject\CommerceProjectTest\bin\Debug\net5.0\fine-code-coverage\build-output\testhost.exe
TpTrace Verbose: 0 : 12620, 4, 2021/04/12, 12:24:08.318, 13524567811064, vstest.console.dll, DotnetTestHostmanager: Full path of host exe is C:\Users\Shelby\Documents\GitHub\semester-project-group-4-commerce\CommerceProject\CommerceProjectTest\bin\Debug\net5.0\fine-code-coverage\build-output\testhost.exe
TpTrace Verbose: 0 : 12620, 6, 2021/04/12, 12:24:08.320, 13524567821516, vstest.console.dll, DotnetTestHostManager: Starting process 'C:\Users\Shelby\Documents\GitHub\semester-project-group-4-commerce\CommerceProject\CommerceProjectTest\bin\Debug\net5.0\fine-code-coverage\build-output\testhost.exe' with command line ' --runtimeconfig "C:\Users\Shelby\Documents\GitHub\semester-project-group-4-commerce\CommerceProject\CommerceProjectTest\bin\Debug\net5.0\fine-code-coverage\build-output\CommerceProjectTest.runtimeconfig.json" --depsfile "C:\Users\Shelby\Documents\GitHub\semester-project-group-4-commerce\CommerceProject\CommerceProjectTest\bin\Debug\net5.0\fine-code-coverage\build-output\CommerceProjectTest.deps.json" --port 54821 --endpoint 127.0.0.1:054821 --role client --parentprocessid 12620 --diag "C:\Users\Shelby\Documents\GitHub\semester-project-group-4-commerce\CommerceProject\CommerceProjectTest\bin\Debug\net5.0\fine-code-coverage\coverage-tool-output\diagnostics.host.21-04-12_12-24-08_31819_4.log" --tracelevel 4 --datacollectionport 54820 --telemetryoptedin false'
TpTrace Verbose: 0 : 12620, 6, 2021/04/12, 12:24:08.329, 13524567911329, vstest.console.dll, Test Runtime launched
TpTrace Verbose: 0 : 12620, 4, 2021/04/12, 12:24:08.329, 13524567920717, vstest.console.dll, TestRequestSender.WaitForRequestHandlerConnection: waiting for connection with timeout: 90000
TpTrace Verbose: 0 : 12620, 6, 2021/04/12, 12:24:08.593, 13524570552406, vstest.console.dll, SocketServer.OnClientConnected: Client connected for endPoint: 127.0.0.1:54821, starting MessageLoopAsync:
TpTrace Verbose: 0 : 12620, 6, 2021/04/12, 12:24:08.593, 13524570556350, vstest.console.dll, TcpClientExtensions.MessageLoopAsync: Polling on remoteEndPoint: 127.0.0.1:54822 localEndPoint: 127.0.0.1:54821
TpTrace Verbose: 0 : 12620, 6, 2021/04/12, 12:24:08.810, 13524572722162, vstest.console.dll, TcpClientExtensions.MessageLoopAsync: NotifyDataAvailable remoteEndPoint: 127.0.0.1:54822 localEndPoint: 127.0.0.1:54821
TpTrace Verbose: 0 : 12620, 6, 2021/04/12, 12:24:08.810, 13524572726870, vstest.console.dll, TestRequestSender.CheckVersionWithTestHost: onMessageReceived received message: (ProtocolVersion) -> 3
TpTrace Verbose: 0 : 12620, 6, 2021/04/12, 12:24:08.811, 13524572733872, vstest.console.dll, TcpClientExtensions.MessageLoopAsync: Polling on remoteEndPoint: 127.0.0.1:54822 localEndPoint: 127.0.0.1:54821
TpTrace Verbose: 0 : 12620, 4, 2021/04/12, 12:24:08.811, 13524572735606, vstest.console.dll, TestPluginCache.GetExtensionPaths: Filtered extension paths: 
TpTrace Verbose: 0 : 12620, 4, 2021/04/12, 12:24:08.811, 13524572736492, vstest.console.dll, TestPluginCache.GetExtensionPaths: Added default extension paths: C:\Program Files\dotnet\sdk\5.0.201\Extensions\Microsoft.Diagnostics.NETCore.Client.dll
C:\Program Files\dotnet\sdk\5.0.201\Extensions\Microsoft.TestPlatform.Extensions.BlameDataCollector.dll
C:\Program Files\dotnet\sdk\5.0.201\Extensions\Microsoft.TestPlatform.Extensions.EventLogCollector.dll
C:\Program Files\dotnet\sdk\5.0.201\Extensions\Microsoft.TestPlatform.TestHostRuntimeProvider.dll
C:\Program Files\dotnet\sdk\5.0.201\Extensions\Microsoft.VisualStudio.TestPlatform.Extensions.Html.TestLogger.dll
C:\Program Files\dotnet\sdk\5.0.201\Extensions\Microsoft.VisualStudio.TestPlatform.Extensions.Trx.TestLogger.dll
TpTrace Verbose: 0 : 12620, 4, 2021/04/12, 12:24:08.811, 13524572737023, vstest.console.dll, TestPluginCache.GetExtensionPaths: Added unfilterableExtensionPaths: 
TpTrace Verbose: 0 : 12620, 4, 2021/04/12, 12:24:08.814, 13524572771259, vstest.console.dll, TestRequestSender.InitializeExecution: Sending initializing execution with message: {"Version":3,"MessageType":"TestExecution.Initialize","Payload":["C:\\Users\\Shelby\\Documents\\GitHub\\semester-project-group-4-commerce\\CommerceProject\\CommerceProjectTest\\bin\\Debug\\net5.0\\fine-code-coverage\\build-output\\xunit.runner.visualstudio.dotnetcore.testadapter.dll"]}
TpTrace Verbose: 0 : 12620, 4, 2021/04/12, 12:24:08.824, 13524572867017, vstest.console.dll, TestRequestSender.StartTestRun: Sending test run with message: {"Version":3,"MessageType":"TestExecution.StartWithSources","Payload":{"AdapterSourceMap":{"_none_":["C:\\Users\\Shelby\\Documents\\GitHub\\semester-project-group-4-commerce\\CommerceProject\\CommerceProjectTest\\bin\\Debug\\net5.0\\fine-code-coverage\\build-output\\CommerceProjectTest.dll"]},"RunSettings":"<RunSettings>\r\n  <RunConfiguration>\r\n    <ResultsDirectory>C:\\Users\\Shelby\\Documents\\GitHub\\semester-project-group-4-commerce\\CommerceProject\\CommerceProjectTest\\bin\\Debug\\net5.0\\fine-code-coverage\\coverage-tool-output</ResultsDirectory>\r\n    <TargetPlatform>X64</TargetPlatform>\r\n    <TargetFrameworkVersion>.NETCoreApp,Version=v5.0</TargetFrameworkVersion>\r\n    <DesignMode>False</DesignMode>\r\n    <CollectSourceInformation>False</CollectSourceInformation>\r\n  </RunConfiguration>\r\n  <LoggerRunSettings>\r\n    <Loggers>\r\n      <Logger friendlyName=\"blame\" enabled=\"True\" />\r\n      <Logger friendlyName=\"Console\" uri=\"logger://microsoft/TestPlatform/ConsoleLogger/v1\" assemblyQualifiedName=\"Microsoft.VisualStudio.TestPlatform.CommandLine.Internal.ConsoleLogger, vstest.console, Version=15.0.0.0, Culture=neutral, PublicKeyToken=b03f5f7f11d50a3a\" codeBase=\"C:\\Program Files\\dotnet\\sdk\\5.0.201\\vstest.console.dll\" enabled=\"True\" />\r\n    </Loggers>\r\n  </LoggerRunSettings>\r\n  <DataCollectionRunSettings>\r\n    <DataCollectors>\r\n      <DataCollector friendlyName=\"blame\" enabled=\"True\">\r\n        <Configuration>\r\n          <ResultsDirectory>C:\\Users\\Shelby\\Documents\\GitHub\\semester-project-group-4-commerce\\CommerceProject\\CommerceProjectTest\\bin\\Debug\\net5.0\\fine-code-coverage\\coverage-tool-output</ResultsDirectory>\r\n        </Configuration>\r\n      </DataCollector>\r\n    </DataCollectors>\r\n  </DataCollectionRunSettings>\r\n</RunSettings>","TestExecutionContext":{"FrequencyOfRunStatsChangeEvent":10,"RunStatsChangeEventTimeout":"00:00:01.5000000","InIsolation":false,"KeepAlive":false,"AreTestCaseLevelEventsRequired":false,"IsDebug":false,"TestCaseFilter":null,"FilterOptions":null},"Package":null}}
TpTrace Verbose: 0 : 12620, 6, 2021/04/12, 12:24:08.825, 13524572877605, vstest.console.dll, TcpClientExtensions.MessageLoopAsync: NotifyDataAvailable remoteEndPoint: 127.0.0.1:54822 localEndPoint: 127.0.0.1:54821
TpTrace Verbose: 0 : 12620, 6, 2021/04/12, 12:24:08.825, 13524572881132, vstest.console.dll, TestRequestSender.OnExecutionMessageReceived: Received message: {"Version":3,"MessageType":"TestSession.Message","Payload":{"MessageLevel":0,"Message":"Logging TestHost Diagnostics in file: C:\\Users\\Shelby\\Documents\\GitHub\\semester-project-group-4-commerce\\CommerceProject\\CommerceProjectTest\\bin\\Debug\\net5.0\\fine-code-coverage\\coverage-tool-output\\diagnostics.host.21-04-12_12-24-08_31819_4.log"}}
TpTrace Verbose: 0 : 12620, 6, 2021/04/12, 12:24:08.828, 13524572901854, vstest.console.dll, TestRunRequest:SendTestRunMessage: Starting.
TpTrace Information: 0 : 12620, 6, 2021/04/12, 12:24:08.828, 13524572903321, vstest.console.dll, TestRunRequest:SendTestRunMessage: Completed.
TpTrace Verbose: 0 : 12620, 6, 2021/04/12, 12:24:08.828, 13524572904103, vstest.console.dll, TcpClientExtensions.MessageLoopAsync: Polling on remoteEndPoint: 127.0.0.1:54822 localEndPoint: 127.0.0.1:54821
TpTrace Verbose: 0 : 12620, 6, 2021/04/12, 12:24:09.033, 13524574952931, vstest.console.dll, TcpClientExtensions.MessageLoopAsync: NotifyDataAvailable remoteEndPoint: 127.0.0.1:54822 localEndPoint: 127.0.0.1:54821
TpTrace Verbose: 0 : 12620, 6, 2021/04/12, 12:24:09.033, 13524574954214, vstest.console.dll, TestRequestSender.OnExecutionMessageReceived: Received message: {"Version":3,"MessageType":"TestSession.Message","Payload":{"MessageLevel":0,"Message":"[xUnit.net 00:00:00.00] xUnit.net VSTest Adapter v2.4.3+1b45f5407b (64-bit .NET 5.0.4)"}}
TpTrace Verbose: 0 : 12620, 6, 2021/04/12, 12:24:09.033, 13524574956426, vstest.console.dll, TestRunRequest:SendTestRunMessage: Starting.
TpTrace Information: 0 : 12620, 6, 2021/04/12, 12:24:09.033, 13524574957321, vstest.console.dll, TestRunRequest:SendTestRunMessage: Completed.
TpTrace Verbose: 0 : 12620, 6, 2021/04/12, 12:24:09.033, 13524574957935, vstest.console.dll, TcpClientExtensions.MessageLoopAsync: Polling on remoteEndPoint: 127.0.0.1:54822 localEndPoint: 127.0.0.1:54821
TpTrace Verbose: 0 : 12620, 6, 2021/04/12, 12:24:10.043, 13524585060410, vstest.console.dll, TcpClientExtensions.MessageLoopAsync: Polling on remoteEndPoint: 127.0.0.1:54822 localEndPoint: 127.0.0.1:54821
TpTrace Verbose: 0 : 12620, 6, 2021/04/12, 12:24:10.549, 13524590114564, vstest.console.dll, TcpClientExtensions.MessageLoopAsync: NotifyDataAvailable remoteEndPoint: 127.0.0.1:54822 localEndPoint: 127.0.0.1:54821
TpTrace Verbose: 0 : 12620, 6, 2021/04/12, 12:24:10.549, 13524590115821, vstest.console.dll, TestRequestSender.OnExecutionMessageReceived: Received message: {"Version":3,"MessageType":"TestSession.Message","Payload":{"MessageLevel":0,"Message":"[xUnit.net 00:00:01.53]   Discovering: CommerceProjectTest"}}
TpTrace Verbose: 0 : 12620, 6, 2021/04/12, 12:24:10.549, 13524590119750, vstest.console.dll, TestRunRequest:SendTestRunMessage: Starting.
TpTrace Information: 0 : 12620, 6, 2021/04/12, 12:24:10.549, 13524590121249, vstest.console.dll, TestRunRequest:SendTestRunMessage: Completed.
TpTrace Verbose: 0 : 12620, 6, 2021/04/12, 12:24:10.550, 13524590122073, vstest.console.dll, TcpClientExtensions.MessageLoopAsync: Polling on remoteEndPoint: 127.0.0.1:54822 localEndPoint: 127.0.0.1:54821
TpTrace Verbose: 0 : 12620, 6, 2021/04/12, 12:24:10.597, 13524590600348, vstest.console.dll, TcpClientExtensions.MessageLoopAsync: NotifyDataAvailable remoteEndPoint: 127.0.0.1:54822 localEndPoint: 127.0.0.1:54821
TpTrace Verbose: 0 : 12620, 6, 2021/04/12, 12:24:10.598, 13524590602057, vstest.console.dll, TestRequestSender.OnExecutionMessageReceived: Received message: {"Version":3,"MessageType":"TestSession.Message","Payload":{"MessageLevel":0,"Message":"[xUnit.net 00:00:01.58]   Discovered:  CommerceProjectTest"}}
TpTrace Verbose: 0 : 12620, 6, 2021/04/12, 12:24:10.598, 13524590603480, vstest.console.dll, TestRunRequest:SendTestRunMessage: Starting.
TpTrace Information: 0 : 12620, 6, 2021/04/12, 12:24:10.598, 13524590604557, vstest.console.dll, TestRunRequest:SendTestRunMessage: Completed.
TpTrace Verbose: 0 : 12620, 6, 2021/04/12, 12:24:10.598, 13524590605322, vstest.console.dll, TcpClientExtensions.MessageLoopAsync: Polling on remoteEndPoint: 127.0.0.1:54822 localEndPoint: 127.0.0.1:54821
TpTrace Verbose: 0 : 12620, 6, 2021/04/12, 12:24:10.601, 13524590634939, vstest.console.dll, TcpClientExtensions.MessageLoopAsync: NotifyDataAvailable remoteEndPoint: 127.0.0.1:54822 localEndPoint: 127.0.0.1:54821
TpTrace Verbose: 0 : 12620, 6, 2021/04/12, 12:24:10.601, 13524590636037, vstest.console.dll, TestRequestSender.OnExecutionMessageReceived: Received message: {"Version":3,"MessageType":"TestSession.Message","Payload":{"MessageLevel":0,"Message":"[xUnit.net 00:00:01.58]   Starting:    CommerceProjectTest"}}
TpTrace Verbose: 0 : 12620, 6, 2021/04/12, 12:24:10.601, 13524590637287, vstest.console.dll, TestRunRequest:SendTestRunMessage: Starting.
TpTrace Information: 0 : 12620, 6, 2021/04/12, 12:24:10.601, 13524590638240, vstest.console.dll, TestRunRequest:SendTestRunMessage: Completed.
TpTrace Verbose: 0 : 12620, 6, 2021/04/12, 12:24:10.601, 13524590638847, vstest.console.dll, TcpClientExtensions.MessageLoopAsync: Polling on remoteEndPoint: 127.0.0.1:54822 localEndPoint: 127.0.0.1:54821
TpTrace Verbose: 0 : 12620, 6, 2021/04/12, 12:24:10.698, 13524591606230, vstest.console.dll, TcpClientExtensions.MessageLoopAsync: NotifyDataAvailable remoteEndPoint: 127.0.0.1:54822 localEndPoint: 127.0.0.1:54821
TpTrace Verbose: 0 : 12620, 6, 2021/04/12, 12:24:10.698, 13524591607940, vstest.console.dll, TestRequestSender.OnExecutionMessageReceived: Received message: {"Version":3,"MessageType":"TestExecution.StatsChange","Payload":{"NewTestResults":[],"TestRunStatistics":{"ExecutedTests":0,"Stats":{}},"ActiveTests":[{"Properties":[{"Key":{"Id":"TestCase.FullyQualifiedName","Label":"FullyQualifiedName","Category":"","Description":"","Attributes":1,"ValueType":"System.String"},"Value":"CommerceProjectTest.bUnit.HomeTest.HomeTest_TransactionsLoad"},{"Key":{"Id":"TestCase.ExecutorUri","Label":"Executor Uri","Category":"","Description":"","Attributes":1,"ValueType":"System.Uri"},"Value":"executor://xunit/VsTestRunner2/netcoreapp"},{"Key":{"Id":"TestCase.Source","Label":"Source","Category":"","Description":"","Attributes":0,"ValueType":"System.String"},"Value":"C:\\Users\\Shelby\\Documents\\GitHub\\semester-project-group-4-commerce\\CommerceProject\\CommerceProjectTest\\bin\\Debug\\net5.0\\fine-code-coverage\\build-output\\CommerceProjectTest.dll"},{"Key":{"Id":"TestCase.CodeFilePath","Label":"File Path","Category":"","Description":"","Attributes":0,"ValueType":"System.String"},"Value":null},{"Key":{"Id":"TestCase.DisplayName","Label":"Name","Category":"","Description":"","Attributes":0,"ValueType":"System.String"},"Value":"CommerceProjectTest.bUnit.HomeTest.HomeTest_TransactionsLoad"},{"Key":{"Id":"TestCase.Id","Label":"Id","Category":"","Description":"","Attributes":1,"ValueType":"System.Guid"},"Value":"60b757b7-9491-7586-0de1-001533755000"},{"Key":{"Id":"TestCase.LineNumber","Label":"Line Number","Category":"","Description":"","Attributes":1,"ValueType":"System.Int32"},"Value":0}]}]}}
TpTrace Verbose: 0 : 12620, 6, 2021/04/12, 12:24:10.712, 13524591750004, vstest.console.dll, TestRunRequest:SendTestRunStatsChange: Starting.
TpTrace Verbose: 0 : 12620, 6, 2021/04/12, 12:24:10.713, 13524591751309, vstest.console.dll, InProgress is CommerceProjectTest.bUnit.HomeTest.HomeTest_TransactionsLoad
TpTrace Information: 0 : 12620, 6, 2021/04/12, 12:24:10.713, 13524591752253, vstest.console.dll, TestRunRequest:SendTestRunStatsChange: Completed.
TpTrace Verbose: 0 : 12620, 6, 2021/04/12, 12:24:10.713, 13524591752687, vstest.console.dll, TcpClientExtensions.MessageLoopAsync: Polling on remoteEndPoint: 127.0.0.1:54822 localEndPoint: 127.0.0.1:54821
TpTrace Verbose: 0 : 12620, 6, 2021/04/12, 12:24:11.719, 13524601817905, vstest.console.dll, TcpClientExtensions.MessageLoopAsync: Polling on remoteEndPoint: 127.0.0.1:54822 localEndPoint: 127.0.0.1:54821
TpTrace Verbose: 0 : 12620, 6, 2021/04/12, 12:24:11.899, 13524603613844, vstest.console.dll, TcpClientExtensions.MessageLoopAsync: NotifyDataAvailable remoteEndPoint: 127.0.0.1:54822 localEndPoint: 127.0.0.1:54821
TpTrace Verbose: 0 : 12620, 6, 2021/04/12, 12:24:11.899, 13524603614957, vstest.console.dll, TestRequestSender.OnExecutionMessageReceived: Received message: {"Version":3,"MessageType":"TestSession.Message","Payload":{"MessageLevel":2,"Message":"[xUnit.net 00:00:02.88]     CommerceProjectTest.bUnit.HomeTest.HomeTest_TransactionTableLoads [FAIL]"}}
TpTrace Verbose: 0 : 12620, 6, 2021/04/12, 12:24:11.899, 13524603616561, vstest.console.dll, TestRunRequest:SendTestRunMessage: Starting.
TpTrace Information: 0 : 12620, 6, 2021/04/12, 12:24:11.899, 13524603617354, vstest.console.dll, TestRunRequest:SendTestRunMessage: Completed.
TpTrace Verbose: 0 : 12620, 6, 2021/04/12, 12:24:11.899, 13524603617724, vstest.console.dll, TcpClientExtensions.MessageLoopAsync: Polling on remoteEndPoint: 127.0.0.1:54822 localEndPoint: 127.0.0.1:54821
TpTrace Verbose: 0 : 12620, 6, 2021/04/12, 12:24:11.900, 13524603625917, vstest.console.dll, TcpClientExtensions.MessageLoopAsync: NotifyDataAvailable remoteEndPoint: 127.0.0.1:54822 localEndPoint: 127.0.0.1:54821
TpTrace Verbose: 0 : 12620, 6, 2021/04/12, 12:24:11.900, 13524603627683, vstest.console.dll, TestRequestSender.OnExecutionMessageReceived: Received message: {"Version":3,"MessageType":"TestSession.Message","Payload":{"MessageLevel":0,"Message":"[xUnit.net 00:00:02.88]       AngleSharp.Dom.DomException : The string did not match the expected pattern."}}
TpTrace Verbose: 0 : 12620, 6, 2021/04/12, 12:24:11.900, 13524603629743, vstest.console.dll, TestRunRequest:SendTestRunMessage: Starting.
TpTrace Information: 0 : 12620, 6, 2021/04/12, 12:24:11.900, 13524603630705, vstest.console.dll, TestRunRequest:SendTestRunMessage: Completed.
TpTrace Verbose: 0 : 12620, 6, 2021/04/12, 12:24:11.901, 13524603631386, vstest.console.dll, TcpClientExtensions.MessageLoopAsync: Polling on remoteEndPoint: 127.0.0.1:54822 localEndPoint: 127.0.0.1:54821
TpTrace Verbose: 0 : 12620, 6, 2021/04/12, 12:24:11.901, 13524603635156, vstest.console.dll, TcpClientExtensions.MessageLoopAsync: NotifyDataAvailable remoteEndPoint: 127.0.0.1:54822 localEndPoint: 127.0.0.1:54821
TpTrace Verbose: 0 : 12620, 6, 2021/04/12, 12:24:11.901, 13524603636156, vstest.console.dll, TestRequestSender.OnExecutionMessageReceived: Received message: {"Version":3,"MessageType":"TestSession.Message","Payload":{"MessageLevel":0,"Message":"[xUnit.net 00:00:02.88]       Stack Trace:"}}
TpTrace Verbose: 0 : 12620, 6, 2021/04/12, 12:24:11.901, 13524603637097, vstest.console.dll, TestRunRequest:SendTestRunMessage: Starting.
TpTrace Information: 0 : 12620, 6, 2021/04/12, 12:24:11.901, 13524603637622, vstest.console.dll, TestRunRequest:SendTestRunMessage: Completed.
TpTrace Verbose: 0 : 12620, 6, 2021/04/12, 12:24:11.901, 13524603638095, vstest.console.dll, TcpClientExtensions.MessageLoopAsync: Polling on remoteEndPoint: 127.0.0.1:54822 localEndPoint: 127.0.0.1:54821
TpTrace Verbose: 0 : 12620, 6, 2021/04/12, 12:24:11.902, 13524603642678, vstest.console.dll, TcpClientExtensions.MessageLoopAsync: NotifyDataAvailable remoteEndPoint: 127.0.0.1:54822 localEndPoint: 127.0.0.1:54821
TpTrace Verbose: 0 : 12620, 6, 2021/04/12, 12:24:11.902, 13524603643745, vstest.console.dll, TestRequestSender.OnExecutionMessageReceived: Received message: {"Version":3,"MessageType":"TestSession.Message","Payload":{"MessageLevel":0,"Message":"[xUnit.net 00:00:02.88]            at AngleSharp.Dom.QueryExtensions.CreateSelector(INodeList nodes, INode scope, String selectorText)"}}
TpTrace Verbose: 0 : 12620, 6, 2021/04/12, 12:24:11.902, 13524603645062, vstest.console.dll, TestRunRequest:SendTestRunMessage: Starting.
TpTrace Information: 0 : 12620, 6, 2021/04/12, 12:24:11.902, 13524603645794, vstest.console.dll, TestRunRequest:SendTestRunMessage: Completed.
TpTrace Verbose: 0 : 12620, 6, 2021/04/12, 12:24:11.902, 13524603646309, vstest.console.dll, TcpClientExtensions.MessageLoopAsync: Polling on remoteEndPoint: 127.0.0.1:54822 localEndPoint: 127.0.0.1:54821
TpTrace Verbose: 0 : 12620, 6, 2021/04/12, 12:24:11.902, 13524603647031, vstest.console.dll, TcpClientExtensions.MessageLoopAsync: NotifyDataAvailable remoteEndPoint: 127.0.0.1:54822 localEndPoint: 127.0.0.1:54821
TpTrace Verbose: 0 : 12620, 6, 2021/04/12, 12:24:11.902, 13524603647664, vstest.console.dll, TestRequestSender.OnExecutionMessageReceived: Received message: {"Version":3,"MessageType":"TestSession.Message","Payload":{"MessageLevel":0,"Message":"[xUnit.net 00:00:02.88]            at AngleSharp.Dom.QueryExtensions.QuerySelectorAll(INodeList nodes, String selectorText, INode scopeNode)"}}
TpTrace Verbose: 0 : 12620, 6, 2021/04/12, 12:24:11.902, 13524603648978, vstest.console.dll, TestRunRequest:SendTestRunMessage: Starting.
TpTrace Information: 0 : 12620, 6, 2021/04/12, 12:24:11.902, 13524603649745, vstest.console.dll, TestRunRequest:SendTestRunMessage: Completed.
TpTrace Verbose: 0 : 12620, 6, 2021/04/12, 12:24:11.902, 13524603650297, vstest.console.dll, TcpClientExtensions.MessageLoopAsync: Polling on remoteEndPoint: 127.0.0.1:54822 localEndPoint: 127.0.0.1:54821
TpTrace Verbose: 0 : 12620, 6, 2021/04/12, 12:24:11.902, 13524603650838, vstest.console.dll, TcpClientExtensions.MessageLoopAsync: NotifyDataAvailable remoteEndPoint: 127.0.0.1:54822 localEndPoint: 127.0.0.1:54821
TpTrace Verbose: 0 : 12620, 6, 2021/04/12, 12:24:11.903, 13524603651344, vstest.console.dll, TestRequestSender.OnExecutionMessageReceived: Received message: {"Version":3,"MessageType":"TestSession.Message","Payload":{"MessageLevel":0,"Message":"[xUnit.net 00:00:02.88]         /_/src/bunit.web/Extensions/Internal/RefreshableElementCollection.cs(41,0): at Bunit.RefreshableElementCollection..ctor(IRenderedFragment renderedFragment, String cssSelector)"}}
TpTrace Verbose: 0 : 12620, 6, 2021/04/12, 12:24:11.903, 13524603652425, vstest.console.dll, TestRunRequest:SendTestRunMessage: Starting.
TpTrace Information: 0 : 12620, 6, 2021/04/12, 12:24:11.903, 13524603653740, vstest.console.dll, TestRunRequest:SendTestRunMessage: Completed.
TpTrace Verbose: 0 : 12620, 6, 2021/04/12, 12:24:11.903, 13524603654291, vstest.console.dll, TcpClientExtensions.MessageLoopAsync: Polling on remoteEndPoint: 127.0.0.1:54822 localEndPoint: 127.0.0.1:54821
TpTrace Verbose: 0 : 12620, 6, 2021/04/12, 12:24:11.903, 13524603654732, vstest.console.dll, TcpClientExtensions.MessageLoopAsync: NotifyDataAvailable remoteEndPoint: 127.0.0.1:54822 localEndPoint: 127.0.0.1:54821
TpTrace Verbose: 0 : 12620, 6, 2021/04/12, 12:24:11.903, 13524603655355, vstest.console.dll, TestRequestSender.OnExecutionMessageReceived: Received message: {"Version":3,"MessageType":"TestSession.Message","Payload":{"MessageLevel":0,"Message":"[xUnit.net 00:00:02.88]         /_/src/bunit.web/Extensions/RenderedFragmentExtensions.cs(50,0): at Bunit.RenderedFragmentExtensions.FindAll(IRenderedFragment renderedFragment, String cssSelector, Boolean enableAutoRefresh)"}}
TpTrace Verbose: 0 : 12620, 6, 2021/04/12, 12:24:11.903, 13524603656188, vstest.console.dll, TestRunRequest:SendTestRunMessage: Starting.
TpTrace Information: 0 : 12620, 6, 2021/04/12, 12:24:11.903, 13524603656819, vstest.console.dll, TestRunRequest:SendTestRunMessage: Completed.
TpTrace Verbose: 0 : 12620, 6, 2021/04/12, 12:24:11.903, 13524603657302, vstest.console.dll, TcpClientExtensions.MessageLoopAsync: Polling on remoteEndPoint: 127.0.0.1:54822 localEndPoint: 127.0.0.1:54821
TpTrace Verbose: 0 : 12620, 6, 2021/04/12, 12:24:11.903, 13524603657661, vstest.console.dll, TcpClientExtensions.MessageLoopAsync: NotifyDataAvailable remoteEndPoint: 127.0.0.1:54822 localEndPoint: 127.0.0.1:54821
TpTrace Verbose: 0 : 12620, 6, 2021/04/12, 12:24:11.903, 13524603658311, vstest.console.dll, TestRequestSender.OnExecutionMessageReceived: Received message: {"Version":3,"MessageType":"TestSession.Message","Payload":{"MessageLevel":0,"Message":"[xUnit.net 00:00:02.88]         C:\\Users\\Shelby\\Documents\\GitHub\\semester-project-group-4-commerce\\CommerceProject\\CommerceProjectTest\\bUnit\\HomeTest.cs(39,0): at CommerceProjectTest.bUnit.HomeTest.HomeTest_TransactionTableLoads()"}}
TpTrace Verbose: 0 : 12620, 6, 2021/04/12, 12:24:11.903, 13524603659410, vstest.console.dll, TestRunRequest:SendTestRunMessage: Starting.
TpTrace Information: 0 : 12620, 6, 2021/04/12, 12:24:11.903, 13524603659854, vstest.console.dll, TestRunRequest:SendTestRunMessage: Completed.
TpTrace Verbose: 0 : 12620, 6, 2021/04/12, 12:24:11.903, 13524603660528, vstest.console.dll, TcpClientExtensions.MessageLoopAsync: Polling on remoteEndPoint: 127.0.0.1:54822 localEndPoint: 127.0.0.1:54821
TpTrace Verbose: 0 : 12620, 6, 2021/04/12, 12:24:11.914, 13524603770033, vstest.console.dll, TcpClientExtensions.MessageLoopAsync: NotifyDataAvailable remoteEndPoint: 127.0.0.1:54822 localEndPoint: 127.0.0.1:54821
TpTrace Verbose: 0 : 12620, 6, 2021/04/12, 12:24:11.915, 13524603771300, vstest.console.dll, TestRequestSender.OnExecutionMessageReceived: Received message: {"Version":3,"MessageType":"TestSession.Message","Payload":{"MessageLevel":2,"Message":"[xUnit.net 00:00:02.89]     CommerceProjectTest.bUnit.HomeTest.HomeTest_TransactionView [FAIL]"}}
TpTrace Verbose: 0 : 12620, 6, 2021/04/12, 12:24:11.915, 13524603772529, vstest.console.dll, TestRunRequest:SendTestRunMessage: Starting.
TpTrace Information: 0 : 12620, 6, 2021/04/12, 12:24:11.915, 13524603773538, vstest.console.dll, TestRunRequest:SendTestRunMessage: Completed.
TpTrace Verbose: 0 : 12620, 6, 2021/04/12, 12:24:11.915, 13524603774369, vstest.console.dll, TcpClientExtensions.MessageLoopAsync: Polling on remoteEndPoint: 127.0.0.1:54822 localEndPoint: 127.0.0.1:54821
TpTrace Verbose: 0 : 12620, 6, 2021/04/12, 12:24:11.915, 13524603775130, vstest.console.dll, TcpClientExtensions.MessageLoopAsync: NotifyDataAvailable remoteEndPoint: 127.0.0.1:54822 localEndPoint: 127.0.0.1:54821
TpTrace Verbose: 0 : 12620, 6, 2021/04/12, 12:24:11.915, 13524603776028, vstest.console.dll, TestRequestSender.OnExecutionMessageReceived: Received message: {"Version":3,"MessageType":"TestSession.Message","Payload":{"MessageLevel":0,"Message":"[xUnit.net 00:00:02.89]       System.NotSupportedException : Unsupported expression: m => m.GetTransactions()\nNon-overridable members (here: GetTransactionData.GetTransactions) may not be used in setup / verification expressions."}}
TpTrace Verbose: 0 : 12620, 6, 2021/04/12, 12:24:11.915, 13524603777579, vstest.console.dll, TestRunRequest:SendTestRunMessage: Starting.
TpTrace Information: 0 : 12620, 6, 2021/04/12, 12:24:11.915, 13524603778873, vstest.console.dll, TestRunRequest:SendTestRunMessage: Completed.
TpTrace Verbose: 0 : 12620, 6, 2021/04/12, 12:24:11.915, 13524603779521, vstest.console.dll, TcpClientExtensions.MessageLoopAsync: Polling on remoteEndPoint: 127.0.0.1:54822 localEndPoint: 127.0.0.1:54821
TpTrace Verbose: 0 : 12620, 6, 2021/04/12, 12:24:11.915, 13524603779914, vstest.console.dll, TcpClientExtensions.MessageLoopAsync: NotifyDataAvailable remoteEndPoint: 127.0.0.1:54822 localEndPoint: 127.0.0.1:54821
TpTrace Verbose: 0 : 12620, 6, 2021/04/12, 12:24:11.915, 13524603780387, vstest.console.dll, TestRequestSender.OnExecutionMessageReceived: Received message: {"Version":3,"MessageType":"TestSession.Message","Payload":{"MessageLevel":0,"Message":"[xUnit.net 00:00:02.89]       Stack Trace:"}}
TpTrace Verbose: 0 : 12620, 6, 2021/04/12, 12:24:11.916, 13524603781381, vstest.console.dll, TestRunRequest:SendTestRunMessage: Starting.
TpTrace Information: 0 : 12620, 6, 2021/04/12, 12:24:11.916, 13524603781857, vstest.console.dll, TestRunRequest:SendTestRunMessage: Completed.
TpTrace Verbose: 0 : 12620, 6, 2021/04/12, 12:24:11.916, 13524603782381, vstest.console.dll, TcpClientExtensions.MessageLoopAsync: Polling on remoteEndPoint: 127.0.0.1:54822 localEndPoint: 127.0.0.1:54821
TpTrace Verbose: 0 : 12620, 6, 2021/04/12, 12:24:11.916, 13524603782872, vstest.console.dll, TcpClientExtensions.MessageLoopAsync: NotifyDataAvailable remoteEndPoint: 127.0.0.1:54822 localEndPoint: 127.0.0.1:54821
TpTrace Verbose: 0 : 12620, 6, 2021/04/12, 12:24:11.916, 13524603783455, vstest.console.dll, TestRequestSender.OnExecutionMessageReceived: Received message: {"Version":3,"MessageType":"TestSession.Message","Payload":{"MessageLevel":0,"Message":"[xUnit.net 00:00:02.89]         C:\\projects\\moq4\\src\\Moq\\Guard.cs(99,0): at Moq.Guard.IsOverridable(MethodInfo method, Expression expression)"}}
TpTrace Verbose: 0 : 12620, 6, 2021/04/12, 12:24:11.916, 13524603784577, vstest.console.dll, TestRunRequest:SendTestRunMessage: Starting.
TpTrace Information: 0 : 12620, 6, 2021/04/12, 12:24:11.916, 13524603785388, vstest.console.dll, TestRunRequest:SendTestRunMessage: Completed.
TpTrace Verbose: 0 : 12620, 6, 2021/04/12, 12:24:11.916, 13524603786131, vstest.console.dll, TcpClientExtensions.MessageLoopAsync: Polling on remoteEndPoint: 127.0.0.1:54822 localEndPoint: 127.0.0.1:54821
TpTrace Verbose: 0 : 12620, 6, 2021/04/12, 12:24:11.916, 13524603786686, vstest.console.dll, TcpClientExtensions.MessageLoopAsync: NotifyDataAvailable remoteEndPoint: 127.0.0.1:54822 localEndPoint: 127.0.0.1:54821
TpTrace Verbose: 0 : 12620, 6, 2021/04/12, 12:24:11.916, 13524603788572, vstest.console.dll, TestRequestSender.OnExecutionMessageReceived: Received message: {"Version":3,"MessageType":"TestSession.Message","Payload":{"MessageLevel":0,"Message":"[xUnit.net 00:00:02.89]         C:\\projects\\moq4\\src\\Moq\\InvocationShape.cs(84,0): at Moq.InvocationShape..ctor(LambdaExpression expression, MethodInfo method, IReadOnlyList`1 arguments, Boolean exactGenericTypeArguments, Boolean skipMatcherInitialization, Boolean allowNonOverridable)"}}
TpTrace Verbose: 0 : 12620, 6, 2021/04/12, 12:24:11.916, 13524603790428, vstest.console.dll, TestRunRequest:SendTestRunMessage: Starting.
TpTrace Information: 0 : 12620, 6, 2021/04/12, 12:24:11.917, 13524603791283, vstest.console.dll, TestRunRequest:SendTestRunMessage: Completed.
TpTrace Verbose: 0 : 12620, 6, 2021/04/12, 12:24:11.917, 13524603792083, vstest.console.dll, TcpClientExtensions.MessageLoopAsync: Polling on remoteEndPoint: 127.0.0.1:54822 localEndPoint: 127.0.0.1:54821
TpTrace Verbose: 0 : 12620, 6, 2021/04/12, 12:24:11.917, 13524603792502, vstest.console.dll, TcpClientExtensions.MessageLoopAsync: NotifyDataAvailable remoteEndPoint: 127.0.0.1:54822 localEndPoint: 127.0.0.1:54821
TpTrace Verbose: 0 : 12620, 6, 2021/04/12, 12:24:11.917, 13524603793277, vstest.console.dll, TestRequestSender.OnExecutionMessageReceived: Received message: {"Version":3,"MessageType":"TestSession.Message","Payload":{"MessageLevel":0,"Message":"[xUnit.net 00:00:02.89]         C:\\projects\\moq4\\src\\Moq\\ExpressionExtensions.cs(219,0): at Moq.ExpressionExtensions.<Split>g__Split|5_0(Expression e, Expression& r, InvocationShape& p, Boolean assignment, Boolean allowNonOverridableLastProperty)"}}
TpTrace Verbose: 0 : 12620, 6, 2021/04/12, 12:24:11.917, 13524603794348, vstest.console.dll, TestRunRequest:SendTestRunMessage: Starting.
TpTrace Information: 0 : 12620, 6, 2021/04/12, 12:24:11.917, 13524603794980, vstest.console.dll, TestRunRequest:SendTestRunMessage: Completed.
TpTrace Verbose: 0 : 12620, 6, 2021/04/12, 12:24:11.917, 13524603795740, vstest.console.dll, TcpClientExtensions.MessageLoopAsync: Polling on remoteEndPoint: 127.0.0.1:54822 localEndPoint: 127.0.0.1:54821
TpTrace Verbose: 0 : 12620, 6, 2021/04/12, 12:24:11.917, 13524603796476, vstest.console.dll, TcpClientExtensions.MessageLoopAsync: NotifyDataAvailable remoteEndPoint: 127.0.0.1:54822 localEndPoint: 127.0.0.1:54821
TpTrace Verbose: 0 : 12620, 6, 2021/04/12, 12:24:11.917, 13524603797054, vstest.console.dll, TestRequestSender.OnExecutionMessageReceived: Received message: {"Version":3,"MessageType":"TestSession.Message","Payload":{"MessageLevel":0,"Message":"[xUnit.net 00:00:02.89]         C:\\projects\\moq4\\src\\Moq\\ExpressionExtensions.cs(149,0): at Moq.ExpressionExtensions.Split(LambdaExpression expression, Boolean allowNonOverridableLastProperty)"}}
TpTrace Verbose: 0 : 12620, 6, 2021/04/12, 12:24:11.917, 13524603797988, vstest.console.dll, TestRunRequest:SendTestRunMessage: Starting.
TpTrace Information: 0 : 12620, 6, 2021/04/12, 12:24:11.917, 13524603798625, vstest.console.dll, TestRunRequest:SendTestRunMessage: Completed.
TpTrace Verbose: 0 : 12620, 6, 2021/04/12, 12:24:11.917, 13524603799181, vstest.console.dll, TcpClientExtensions.MessageLoopAsync: Polling on remoteEndPoint: 127.0.0.1:54822 localEndPoint: 127.0.0.1:54821
TpTrace Verbose: 0 : 12620, 6, 2021/04/12, 12:24:11.917, 13524603799689, vstest.console.dll, TcpClientExtensions.MessageLoopAsync: NotifyDataAvailable remoteEndPoint: 127.0.0.1:54822 localEndPoint: 127.0.0.1:54821
TpTrace Verbose: 0 : 12620, 6, 2021/04/12, 12:24:11.917, 13524603800514, vstest.console.dll, TestRequestSender.OnExecutionMessageReceived: Received message: {"Version":3,"MessageType":"TestSession.Message","Payload":{"MessageLevel":0,"Message":"[xUnit.net 00:00:02.89]         C:\\projects\\moq4\\src\\Moq\\Mock.cs(601,0): at Moq.Mock.SetupRecursive[TSetup](Mock mock, LambdaExpression expression, Func`4 setupLast, Boolean allowNonOverridableLastProperty)"}}
TpTrace Verbose: 0 : 12620, 6, 2021/04/12, 12:24:11.918, 13524603802057, vstest.console.dll, TestRunRequest:SendTestRunMessage: Starting.
TpTrace Information: 0 : 12620, 6, 2021/04/12, 12:24:11.918, 13524603802536, vstest.console.dll, TestRunRequest:SendTestRunMessage: Completed.
TpTrace Verbose: 0 : 12620, 6, 2021/04/12, 12:24:11.918, 13524603803062, vstest.console.dll, TcpClientExtensions.MessageLoopAsync: Polling on remoteEndPoint: 127.0.0.1:54822 localEndPoint: 127.0.0.1:54821
TpTrace Verbose: 0 : 12620, 6, 2021/04/12, 12:24:11.918, 13524603803575, vstest.console.dll, TcpClientExtensions.MessageLoopAsync: NotifyDataAvailable remoteEndPoint: 127.0.0.1:54822 localEndPoint: 127.0.0.1:54821
TpTrace Verbose: 0 : 12620, 6, 2021/04/12, 12:24:11.918, 13524603804063, vstest.console.dll, TestRequestSender.OnExecutionMessageReceived: Received message: {"Version":3,"MessageType":"TestSession.Message","Payload":{"MessageLevel":0,"Message":"[xUnit.net 00:00:02.89]         C:\\projects\\moq4\\src\\Moq\\Mock.cs(505,0): at Moq.Mock.Setup(Mock mock, LambdaExpression expression, Condition condition)"}}
TpTrace Verbose: 0 : 12620, 6, 2021/04/12, 12:24:11.918, 13524603804884, vstest.console.dll, TestRunRequest:SendTestRunMessage: Starting.
TpTrace Information: 0 : 12620, 6, 2021/04/12, 12:24:11.918, 13524603805300, vstest.console.dll, TestRunRequest:SendTestRunMessage: Completed.
TpTrace Verbose: 0 : 12620, 6, 2021/04/12, 12:24:11.918, 13524603805816, vstest.console.dll, TcpClientExtensions.MessageLoopAsync: Polling on remoteEndPoint: 127.0.0.1:54822 localEndPoint: 127.0.0.1:54821
TpTrace Verbose: 0 : 12620, 6, 2021/04/12, 12:24:11.918, 13524603807875, vstest.console.dll, TcpClientExtensions.MessageLoopAsync: NotifyDataAvailable remoteEndPoint: 127.0.0.1:54822 localEndPoint: 127.0.0.1:54821
TpTrace Verbose: 0 : 12620, 6, 2021/04/12, 12:24:11.918, 13524603808729, vstest.console.dll, TestRequestSender.OnExecutionMessageReceived: Received message: {"Version":3,"MessageType":"TestSession.Message","Payload":{"MessageLevel":0,"Message":"[xUnit.net 00:00:02.89]         C:\\projects\\moq4\\src\\Moq\\Mock`1.cs(454,0): at Moq.Mock`1.Setup[TResult](Expression`1 expression)"}}
TpTrace Verbose: 0 : 12620, 6, 2021/04/12, 12:24:11.918, 13524603811059, vstest.console.dll, TestRunRequest:SendTestRunMessage: Starting.
TpTrace Information: 0 : 12620, 6, 2021/04/12, 12:24:11.919, 13524603811984, vstest.console.dll, TestRunRequest:SendTestRunMessage: Completed.
TpTrace Verbose: 0 : 12620, 6, 2021/04/12, 12:24:11.919, 13524603812486, vstest.console.dll, TcpClientExtensions.MessageLoopAsync: Polling on remoteEndPoint: 127.0.0.1:54822 localEndPoint: 127.0.0.1:54821
TpTrace Verbose: 0 : 12620, 6, 2021/04/12, 12:24:11.919, 13524603812875, vstest.console.dll, TcpClientExtensions.MessageLoopAsync: NotifyDataAvailable remoteEndPoint: 127.0.0.1:54822 localEndPoint: 127.0.0.1:54821
TpTrace Verbose: 0 : 12620, 6, 2021/04/12, 12:24:11.919, 13524603813521, vstest.console.dll, TestRequestSender.OnExecutionMessageReceived: Received message: {"Version":3,"MessageType":"TestSession.Message","Payload":{"MessageLevel":0,"Message":"[xUnit.net 00:00:02.89]         C:\\Users\\Shelby\\Documents\\GitHub\\semester-project-group-4-commerce\\CommerceProject\\CommerceProjectTest\\bUnit\\HomeTest.cs(55,0): at CommerceProjectTest.bUnit.HomeTest.HomeTest_TransactionView()"}}
TpTrace Verbose: 0 : 12620, 6, 2021/04/12, 12:24:11.919, 13524603814422, vstest.console.dll, TestRunRequest:SendTestRunMessage: Starting.
TpTrace Information: 0 : 12620, 6, 2021/04/12, 12:24:11.919, 13524603815036, vstest.console.dll, TestRunRequest:SendTestRunMessage: Completed.
TpTrace Verbose: 0 : 12620, 6, 2021/04/12, 12:24:11.919, 13524603815509, vstest.console.dll, TcpClientExtensions.MessageLoopAsync: Polling on remoteEndPoint: 127.0.0.1:54822 localEndPoint: 127.0.0.1:54821
TpTrace Verbose: 0 : 12620, 6, 2021/04/12, 12:24:11.921, 13524603831860, vstest.console.dll, TcpClientExtensions.MessageLoopAsync: NotifyDataAvailable remoteEndPoint: 127.0.0.1:54822 localEndPoint: 127.0.0.1:54821
TpTrace Verbose: 0 : 12620, 6, 2021/04/12, 12:24:11.921, 13524603835786, vstest.console.dll, TestRequestSender.OnExecutionMessageReceived: Received message: {"Version":3,"MessageType":"TestSession.Message","Payload":{"MessageLevel":0,"Message":"[xUnit.net 00:00:02.90]   Finished:    CommerceProjectTest"}}
TpTrace Verbose: 0 : 12620, 6, 2021/04/12, 12:24:11.921, 13524603837490, vstest.console.dll, TestRunRequest:SendTestRunMessage: Starting.
TpTrace Information: 0 : 12620, 6, 2021/04/12, 12:24:11.921, 13524603838610, vstest.console.dll, TestRunRequest:SendTestRunMessage: Completed.
TpTrace Verbose: 0 : 12620, 6, 2021/04/12, 12:24:11.921, 13524603839362, vstest.console.dll, TcpClientExtensions.MessageLoopAsync: Polling on remoteEndPoint: 127.0.0.1:54822 localEndPoint: 127.0.0.1:54821
TpTrace Verbose: 0 : 12620, 6, 2021/04/12, 12:24:11.950, 13524604123979, vstest.console.dll, TcpClientExtensions.MessageLoopAsync: NotifyDataAvailable remoteEndPoint: 127.0.0.1:54822 localEndPoint: 127.0.0.1:54821
TpTrace Verbose: 0 : 12620, 6, 2021/04/12, 12:24:11.950, 13524604128352, vstest.console.dll, TestRequestSender.OnExecutionMessageReceived: Received message: {"Version":3,"MessageType":"TestExecution.Completed","Payload":{"TestRunCompleteArgs":{"TestRunStatistics":{"ExecutedTests":4,"Stats":{"Passed":2,"Failed":2}},"IsCanceled":false,"IsAborted":false,"Error":null,"AttachmentSets":[],"ElapsedTimeInRunningTests":"00:00:02.9170019","Metrics":{}},"LastRunTests":{"NewTestResults":[{"TestCase":{"Properties":[{"Key":{"Id":"TestCase.FullyQualifiedName","Label":"FullyQualifiedName","Category":"","Description":"","Attributes":1,"ValueType":"System.String"},"Value":"CommerceProjectTest.FetchDataTest.TableRenderTest"},{"Key":{"Id":"TestCase.ExecutorUri","Label":"Executor Uri","Category":"","Description":"","Attributes":1,"ValueType":"System.Uri"},"Value":"executor://xunit/VsTestRunner2/netcoreapp"},{"Key":{"Id":"TestCase.Source","Label":"Source","Category":"","Description":"","Attributes":0,"ValueType":"System.String"},"Value":"C:\\Users\\Shelby\\Documents\\GitHub\\semester-project-group-4-commerce\\CommerceProject\\CommerceProjectTest\\bin\\Debug\\net5.0\\fine-code-coverage\\build-output\\CommerceProjectTest.dll"},{"Key":{"Id":"TestCase.CodeFilePath","Label":"File Path","Category":"","Description":"","Attributes":0,"ValueType":"System.String"},"Value":null},{"Key":{"Id":"TestCase.DisplayName","Label":"Name","Category":"","Description":"","Attributes":0,"ValueType":"System.String"},"Value":"CommerceProjectTest.FetchDataTest.TableRenderTest"},{"Key":{"Id":"TestCase.Id","Label":"Id","Category":"","Description":"","Attributes":1,"ValueType":"System.Guid"},"Value":"5fd53092-c9cf-64d3-9881-5b829089f8d5"},{"Key":{"Id":"TestCase.LineNumber","Label":"Line Number","Category":"","Description":"","Attributes":1,"ValueType":"System.Int32"},"Value":0}]},"Attachments":[],"Messages":[],"Properties":[{"Key":{"Id":"TestResult.Outcome","Label":"Outcome","Category":"","Description":"","Attributes":0,"ValueType":"Microsoft.VisualStudio.TestPlatform.ObjectModel.TestOutcome, Microsoft.VisualStudio.TestPlatform.ObjectModel, Version=15.0.0.0, Culture=neutral, PublicKeyToken=b03f5f7f11d50a3a"},"Value":1},{"Key":{"Id":"TestResult.ErrorMessage","Label":"Error Message","Category":"","Description":"","Attributes":0,"ValueType":"System.String"},"Value":null},{"Key":{"Id":"TestResult.ErrorStackTrace","Label":"Error Stack Trace","Category":"","Description":"","Attributes":0,"ValueType":"System.String"},"Value":null},{"Key":{"Id":"TestResult.DisplayName","Label":"TestResult Display Name","Category":"","Description":"","Attributes":1,"ValueType":"System.String"},"Value":"CommerceProjectTest.FetchDataTest.TableRenderTest"},{"Key":{"Id":"TestResult.ComputerName","Label":"Computer Name","Category":"","Description":"","Attributes":0,"ValueType":"System.String"},"Value":"SHELBY-PC"},{"Key":{"Id":"TestResult.Duration","Label":"Duration","Category":"","Description":"","Attributes":0,"ValueType":"System.TimeSpan"},"Value":"00:00:00.4900641"},{"Key":{"Id":"TestResult.StartTime","Label":"Start Time","Category":"","Description":"","Attributes":0,"ValueType":"System.DateTimeOffset"},"Value":"2021-04-12T17:24:11.1824322+00:00"},{"Key":{"Id":"TestResult.EndTime","Label":"End Time","Category":"","Description":"","Attributes":0,"ValueType":"System.DateTimeOffset"},"Value":"2021-04-12T17:24:11.1824986+00:00"}]},{"TestCase":{"Properties":[{"Key":{"Id":"TestCase.FullyQualifiedName","Label":"FullyQualifiedName","Category":"","Description":"","Attributes":1,"ValueType":"System.String"},"Value":"CommerceProjectTest.bUnit.HomeTest.HomeTest_TransactionsLoad"},{"Key":{"Id":"TestCase.ExecutorUri","Label":"Executor Uri","Category":"","Description":"","Attributes":1,"ValueType":"System.Uri"},"Value":"executor://xunit/VsTestRunner2/netcoreapp"},{"Key":{"Id":"TestCase.Source","Label":"Source","Category":"","Description":"","Attributes":0,"ValueType":"System.String"},"Value":"C:\\Users\\Shelby\\Documents\\GitHub\\semester-project-group-4-commerce\\CommerceProject\\CommerceProjectTest\\bin\\Debug\\net5.0\\fine-code-coverage\\build-output\\CommerceProjectTest.dll"},{"Key":{"Id":"TestCase.CodeFilePath","Label":"File Path","Category":"","Description":"","Attributes":0,"ValueType":"System.String"},"Value":null},{"Key":{"Id":"TestCase.DisplayName","Label":"Name","Category":"","Description":"","Attributes":0,"ValueType":"System.String"},"Value":"CommerceProjectTest.bUnit.HomeTest.HomeTest_TransactionsLoad"},{"Key":{"Id":"TestCase.Id","Label":"Id","Category":"","Description":"","Attributes":1,"ValueType":"System.Guid"},"Value":"60b757b7-9491-7586-0de1-001533755000"},{"Key":{"Id":"TestCase.LineNumber","Label":"Line Number","Category":"","Description":"","Attributes":1,"ValueType":"System.Int32"},"Value":0}]},"Attachments":[],"Messages":[],"Properties":[{"Key":{"Id":"TestResult.Outcome","Label":"Outcome","Category":"","Description":"","Attributes":0,"ValueType":"Microsoft.VisualStudio.TestPlatform.ObjectModel.TestOutcome, Microsoft.VisualStudio.TestPlatform.ObjectModel, Version=15.0.0.0, Culture=neutral, PublicKeyToken=b03f5f7f11d50a3a"},"Value":1},{"Key":{"Id":"TestResult.ErrorMessage","Label":"Error Message","Category":"","Description":"","Attributes":0,"ValueType":"System.String"},"Value":null},{"Key":{"Id":"TestResult.ErrorStackTrace","Label":"Error Stack Trace","Category":"","Description":"","Attributes":0,"ValueType":"System.String"},"Value":null},{"Key":{"Id":"TestResult.DisplayName","Label":"TestResult Display Name","Category":"","Description":"","Attributes":1,"ValueType":"System.String"},"Value":"CommerceProjectTest.bUnit.HomeTest.HomeTest_TransactionsLoad"},{"Key":{"Id":"TestResult.ComputerName","Label":"Computer Name","Category":"","Description":"","Attributes":0,"ValueType":"System.String"},"Value":"SHELBY-PC"},{"Key":{"Id":"TestResult.Duration","Label":"Duration","Category":"","Description":"","Attributes":0,"ValueType":"System.TimeSpan"},"Value":"00:00:00.9484988"},{"Key":{"Id":"TestResult.StartTime","Label":"Start Time","Category":"","Description":"","Attributes":0,"ValueType":"System.DateTimeOffset"},"Value":"2021-04-12T17:24:11.6389566+00:00"},{"Key":{"Id":"TestResult.EndTime","Label":"End Time","Category":"","Description":"","Attributes":0,"ValueType":"System.DateTimeOffset"},"Value":"2021-04-12T17:24:11.6389597+00:00"}]},{"TestCase":{"Properties":[{"Key":{"Id":"TestCase.FullyQualifiedName","Label":"FullyQualifiedName","Category":"","Description":"","Attributes":1,"ValueType":"System.String"},"Value":"CommerceProjectTest.bUnit.HomeTest.HomeTest_TransactionTableLoads"},{"Key":{"Id":"TestCase.ExecutorUri","Label":"Executor Uri","Category":"","Description":"","Attributes":1,"ValueType":"System.Uri"},"Value":"executor://xunit/VsTestRunner2/netcoreapp"},{"Key":{"Id":"TestCase.Source","Label":"Source","Category":"","Description":"","Attributes":0,"ValueType":"System.String"},"Value":"C:\\Users\\Shelby\\Documents\\GitHub\\semester-project-group-4-commerce\\CommerceProject\\CommerceProjectTest\\bin\\Debug\\net5.0\\fine-code-coverage\\build-output\\CommerceProjectTest.dll"},{"Key":{"Id":"TestCase.CodeFilePath","Label":"File Path","Category":"","Description":"","Attributes":0,"ValueType":"System.String"},"Value":null},{"Key":{"Id":"TestCase.DisplayName","Label":"Name","Category":"","Description":"","Attributes":0,"ValueType":"System.String"},"Value":"CommerceProjectTest.bUnit.HomeTest.HomeTest_TransactionTableLoads"},{"Key":{"Id":"TestCase.Id","Label":"Id","Category":"","Description":"","Attributes":1,"ValueType":"System.Guid"},"Value":"d6b60131-5bd8-5f98-f23a-60add89c7f5a"},{"Key":{"Id":"TestCase.LineNumber","Label":"Line Number","Category":"","Description":"","Attributes":1,"ValueType":"System.Int32"},"Value":0}]},"Attachments":[],"Messages":[],"Properties":[{"Key":{"Id":"TestResult.Outcome","Label":"Outcome","Category":"","Description":"","Attributes":0,"ValueType":"Microsoft.VisualStudio.TestPlatform.ObjectModel.TestOutcome, Microsoft.VisualStudio.TestPlatform.ObjectModel, Version=15.0.0.0, Culture=neutral, PublicKeyToken=b03f5f7f11d50a3a"},"Value":2},{"Key":{"Id":"TestResult.ErrorMessage","Label":"Error Message","Category":"","Description":"","Attributes":0,"ValueType":"System.String"},"Value":"AngleSharp.Dom.DomException : The string did not match the expected pattern."},{"Key":{"Id":"TestResult.ErrorStackTrace","Label":"Error Stack Trace","Category":"","Description":"","Attributes":0,"ValueType":"System.String"},"Value":"   at AngleSharp.Dom.QueryExtensions.CreateSelector(INodeList nodes, INode scope, String selectorText)\r\n   at AngleSharp.Dom.QueryExtensions.QuerySelectorAll(INodeList nodes, String selectorText, INode scopeNode)\r\n   at Bunit.RefreshableElementCollection..ctor(IRenderedFragment renderedFragment, String cssSelector) in /_/src/bunit.web/Extensions/Internal/RefreshableElementCollection.cs:line 41\r\n   at Bunit.RenderedFragmentExtensions.FindAll(IRenderedFragment renderedFragment, String cssSelector, Boolean enableAutoRefresh) in /_/src/bunit.web/Extensions/RenderedFragmentExtensions.cs:line 50\r\n   at CommerceProjectTest.bUnit.HomeTest.HomeTest_TransactionTableLoads() in C:\\Users\\Shelby\\Documents\\GitHub\\semester-project-group-4-commerce\\CommerceProject\\CommerceProjectTest\\bUnit\\HomeTest.cs:line 39"},{"Key":{"Id":"TestResult.DisplayName","Label":"TestResult Display Name","Category":"","Description":"","Attributes":1,"ValueType":"System.String"},"Value":"CommerceProjectTest.bUnit.HomeTest.HomeTest_TransactionTableLoads"},{"Key":{"Id":"TestResult.ComputerName","Label":"Computer Name","Category":"","Description":"","Attributes":0,"ValueType":"System.String"},"Value":"SHELBY-PC"},{"Key":{"Id":"TestResult.Duration","Label":"Duration","Category":"","Description":"","Attributes":0,"ValueType":"System.TimeSpan"},"Value":"00:00:00.2359347"},{"Key":{"Id":"TestResult.StartTime","Label":"Start Time","Category":"","Description":"","Attributes":0,"ValueType":"System.DateTimeOffset"},"Value":"2021-04-12T17:24:11.9042522+00:00"},{"Key":{"Id":"TestResult.EndTime","Label":"End Time","Category":"","Description":"","Attributes":0,"ValueType":"System.DateTimeOffset"},"Value":"2021-04-12T17:24:11.9042533+00:00"}]},{"TestCase":{"Properties":[{"Key":{"Id":"TestCase.FullyQualifiedName","Label":"FullyQualifiedName","Category":"","Description":"","Attributes":1,"ValueType":"System.String"},"Value":"CommerceProjectTest.bUnit.HomeTest.HomeTest_TransactionView"},{"Key":{"Id":"TestCase.ExecutorUri","Label":"Executor Uri","Category":"","Description":"","Attributes":1,"ValueType":"System.Uri"},"Value":"executor://xunit/VsTestRunner2/netcoreapp"},{"Key":{"Id":"TestCase.Source","Label":"Source","Category":"","Description":"","Attributes":0,"ValueType":"System.String"},"Value":"C:\\Users\\Shelby\\Documents\\GitHub\\semester-project-group-4-commerce\\CommerceProject\\CommerceProjectTest\\bin\\Debug\\net5.0\\fine-code-coverage\\build-output\\CommerceProjectTest.dll"},{"Key":{"Id":"TestCase.CodeFilePath","Label":"File Path","Category":"","Description":"","Attributes":0,"ValueType":"System.String"},"Value":null},{"Key":{"Id":"TestCase.DisplayName","Label":"Name","Category":"","Description":"","Attributes":0,"ValueType":"System.String"},"Value":"CommerceProjectTest.bUnit.HomeTest.HomeTest_TransactionView"},{"Key":{"Id":"TestCase.Id","Label":"Id","Category":"","Description":"","Attributes":1,"ValueType":"System.Guid"},"Value":"61d63419-8fc2-3eaa-e7b7-bda9cbd9c346"},{"Key":{"Id":"TestCase.LineNumber","Label":"Line Number","Category":"","Description":"","Attributes":1,"ValueType":"System.Int32"},"Value":0}]},"Attachments":[],"Messages":[],"Properties":[{"Key":{"Id":"TestResult.Outcome","Label":"Outcome","Category":"","Description":"","Attributes":0,"ValueType":"Microsoft.VisualStudio.TestPlatform.ObjectModel.TestOutcome, Microsoft.VisualStudio.TestPlatform.ObjectModel, Version=15.0.0.0, Culture=neutral, PublicKeyToken=b03f5f7f11d50a3a"},"Value":2},{"Key":{"Id":"TestResult.ErrorMessage","Label":"Error Message","Category":"","Description":"","Attributes":0,"ValueType":"System.String"},"Value":"System.NotSupportedException : Unsupported expression: m => m.GetTransactions()\nNon-overridable members (here: GetTransactionData.GetTransactions) may not be used in setup / verification expressions."},{"Key":{"Id":"TestResult.ErrorStackTrace","Label":"Error Stack Trace","Category":"","Description":"","Attributes":0,"ValueType":"System.String"},"Value":"   at Moq.Guard.IsOverridable(MethodInfo method, Expression expression) in C:\\projects\\moq4\\src\\Moq\\Guard.cs:line 99\r\n   at Moq.InvocationShape..ctor(LambdaExpression expression, MethodInfo method, IReadOnlyList`1 arguments, Boolean exactGenericTypeArguments, Boolean skipMatcherInitialization, Boolean allowNonOverridable) in C:\\projects\\moq4\\src\\Moq\\InvocationShape.cs:line 84\r\n   at Moq.ExpressionExtensions.<Split>g__Split|5_0(Expression e, Expression& r, InvocationShape& p, Boolean assignment, Boolean allowNonOverridableLastProperty) in C:\\projects\\moq4\\src\\Moq\\ExpressionExtensions.cs:line 219\r\n   at Moq.ExpressionExtensions.Split(LambdaExpression expression, Boolean allowNonOverridableLastProperty) in C:\\projects\\moq4\\src\\Moq\\ExpressionExtensions.cs:line 149\r\n   at Moq.Mock.SetupRecursive[TSetup](Mock mock, LambdaExpression expression, Func`4 setupLast, Boolean allowNonOverridableLastProperty) in C:\\projects\\moq4\\src\\Moq\\Mock.cs:line 601\r\n   at Moq.Mock.Setup(Mock mock, LambdaExpression expression, Condition condition) in C:\\projects\\moq4\\src\\Moq\\Mock.cs:line 505\r\n   at Moq.Mock`1.Setup[TResult](Expression`1 expression) in C:\\projects\\moq4\\src\\Moq\\Mock`1.cs:line 454\r\n   at CommerceProjectTest.bUnit.HomeTest.HomeTest_TransactionView() in C:\\Users\\Shelby\\Documents\\GitHub\\semester-project-group-4-commerce\\CommerceProject\\CommerceProjectTest\\bUnit\\HomeTest.cs:line 55"},{"Key":{"Id":"TestResult.DisplayName","Label":"TestResult Display Name","Category":"","Description":"","Attributes":1,"ValueType":"System.String"},"Value":"CommerceProjectTest.bUnit.HomeTest.HomeTest_TransactionView"},{"Key":{"Id":"TestResult.ComputerName","Label":"Computer Name","Category":"","Description":"","Attributes":0,"ValueType":"System.String"},"Value":"SHELBY-PC"},{"Key":{"Id":"TestResult.Duration","Label":"Duration","Category":"","Description":"","Attributes":0,"ValueType":"System.TimeSpan"},"Value":"00:00:00.0180344"},{"Key":{"Id":"TestResult.StartTime","Label":"Start Time","Category":"","Description":"","Attributes":0,"ValueType":"System.DateTimeOffset"},"Value":"2021-04-12T17:24:11.917585+00:00"},{"Key":{"Id":"TestResult.EndTime","Label":"End Time","Category":"","Description":"","Attributes":0,"ValueType":"System.DateTimeOffset"},"Value":"2021-04-12T17:24:11.9175859+00:00"}]}],"TestRunStatistics":{"ExecutedTests":4,"Stats":{"Passed":2,"Failed":2}},"ActiveTests":[]},"RunAttachments":[],"ExecutorUris":["executor://xunit/VsTestRunner2/netcoreapp"]}}
TpTrace Verbose: 0 : 12620, 6, 2021/04/12, 12:24:11.954, 13524604164824, vstest.console.dll, TestRequestSender.EndSession: Sending end session.
TpTrace Verbose: 0 : 12620, 6, 2021/04/12, 12:24:11.954, 13524604166180, vstest.console.dll, ProxyOperationManager.Close: waiting for test host to exit for 100 ms
TpTrace Warning: 0 : 12620, 10, 2021/04/12, 12:24:12.035, 13524604975018, vstest.console.dll, TestHostManagerCallbacks.ErrorReceivedCallback Test host standard error line: 
TpTrace Verbose: 0 : 12620, 7, 2021/04/12, 12:24:12.064, 13524605271190, vstest.console.dll, TestHostProvider.ExitCallBack: Host exited starting callback.
TpTrace Information: 0 : 12620, 7, 2021/04/12, 12:24:12.065, 13524605276923, vstest.console.dll, TestHostManagerCallbacks.ExitCallBack: Testhost processId: 35376 exited with exitcode: 0 error: ''
TpTrace Verbose: 0 : 12620, 7, 2021/04/12, 12:24:12.065, 13524605277521, vstest.console.dll, DotnetTestHostManager.OnHostExited: invoking OnHostExited callback
TpTrace Verbose: 0 : 12620, 7, 2021/04/12, 12:24:12.065, 13524605278090, vstest.console.dll, CrossPlatEngine.TestHostManagerHostExited: calling on client process exit callback.
TpTrace Information: 0 : 12620, 7, 2021/04/12, 12:24:12.065, 13524605278850, vstest.console.dll, TestRequestSender.OnClientProcessExit: Test host process exited. Standard error: 
TpTrace Warning: 0 : 12620, 6, 2021/04/12, 12:24:12.065, 13524605279302, vstest.console.dll, ProxyOperationManager: Timed out waiting for test host to exit. Will terminate process.
TpTrace Information: 0 : 12620, 7, 2021/04/12, 12:24:12.065, 13524605279544, vstest.console.dll, SocketServer.Stop: Stop server endPoint: 127.0.0.1:54821
TpTrace Information: 0 : 12620, 7, 2021/04/12, 12:24:12.065, 13524605280846, vstest.console.dll, SocketServer.Stop: Cancellation requested. Stopping message loop.
TpTrace Verbose: 0 : 12620, 6, 2021/04/12, 12:24:12.066, 13524605289377, vstest.console.dll, ProxyDataCollectionManager.InvokeDataCollectionServiceAction: Starting.
TpTrace Information: 0 : 12620, 6, 2021/04/12, 12:24:12.066, 13524605289969, vstest.console.dll, ProxyDataCollectionManager.AfterTestRunEnd: Get attachment set for datacollector processId: 21356 port: 54818
TpTrace Verbose: 0 : 12620, 6, 2021/04/12, 12:24:12.066, 13524605290498, vstest.console.dll, DataCollectionRequestSender.SendAfterTestRunStartAndGetResult : Send AfterTestRunEnd message with isCancelled: False
TpTrace Verbose: 0 : 12620, 6, 2021/04/12, 12:24:12.071, 13524605338624, vstest.console.dll, DataCollectionRequestSender.SendAfterTestRunStartAndGetResult : Received message: (DataCollection.AfterTestRunEndResult) -> {
  "AttachmentSets": [],
  "Metrics": {}
}
TpTrace Information: 0 : 12620, 6, 2021/04/12, 12:24:12.077, 13524605395602, vstest.console.dll, ProxyDataCollectionManager.InvokeDataCollectionServiceAction: Completed.
TpTrace Warning: 0 : 12620, 9, 2021/04/12, 12:24:12.088, 13524605501334, vstest.console.dll, DataCollectionLauncher.ErrorReceivedCallback datacollector standard error line: 
TpTrace Information: 0 : 12620, 7, 2021/04/12, 12:24:12.095, 13524605574542, vstest.console.dll, DataCollectionLauncher.ExitCallBack: Data collector exited with exitcode: 0 error: ''
TpTrace Verbose: 0 : 12620, 6, 2021/04/12, 12:24:12.115, 13524605777809, vstest.console.dll, TestRunRequest:SendTestRunStatsChange: Starting.
TpTrace Information: 0 : 12620, 6, 2021/04/12, 12:24:12.115, 13524605780631, vstest.console.dll, TestRunRequest:SendTestRunStatsChange: Completed.
TpTrace Verbose: 0 : 12620, 6, 2021/04/12, 12:24:12.116, 13524605783804, vstest.console.dll, ParallelProxyExecutionManager: HandlePartialRunComplete: Total completed clients = 1, Run complete = True, Run canceled: False.
TpTrace Verbose: 0 : 12620, 6, 2021/04/12, 12:24:12.130, 13524605929400, vstest.console.dll, TestRunRequest:TestRunComplete: Starting. IsAborted:False IsCanceled:False.
TpTrace Verbose: 0 : 12620, 6, 2021/04/12, 12:24:12.130, 13524605931149, vstest.console.dll, TestLoggerManager.HandleTestRunComplete: Ignoring as the object is disposed.
TpTrace Information: 0 : 12620, 6, 2021/04/12, 12:24:12.131, 13524605934474, vstest.console.dll, TestRunRequest:TestRunComplete: Completed.
TpTrace Verbose: 0 : 12620, 1, 2021/04/12, 12:24:12.131, 13524605934955, vstest.console.dll, TestRunRequest.Dispose: Starting.
TpTrace Verbose: 0 : 12620, 6, 2021/04/12, 12:24:12.131, 13524605935141, vstest.console.dll, TestRequestSender.SetOperationComplete: Setting operation complete.
TpTrace Information: 0 : 12620, 1, 2021/04/12, 12:24:12.131, 13524605936317, vstest.console.dll, TestRunRequest.Dispose: Completed.
TpTrace Information: 0 : 12620, 6, 2021/04/12, 12:24:12.131, 13524605937748, vstest.console.dll, SocketServer.Stop: Stop server endPoint: 127.0.0.1:54821
TpTrace Information: 0 : 12620, 1, 2021/04/12, 12:24:12.131, 13524605938874, vstest.console.dll, TestRequestManager.RunTests: run tests completed.
TpTrace Information: 0 : 12620, 6, 2021/04/12, 12:24:12.131, 13524605940408, vstest.console.dll, SocketServer.Stop: Cancellation requested. Stopping message loop.
TpTrace Information: 0 : 12620, 1, 2021/04/12, 12:24:12.132, 13524605942548, vstest.console.dll, RunTestsArgumentProcessor:Execute: Test run is completed.
TpTrace Information: 0 : 12620, 6, 2021/04/12, 12:24:12.132, 13524605942564, vstest.console.dll, SocketServer.PrivateStop: Stop server endPoint: 127.0.0.1:54821 error: 
TpTrace Verbose: 0 : 12620, 1, 2021/04/12, 12:24:12.132, 13524605945693, vstest.console.dll, Executor.Execute: Exiting with exit code of 1
TpTrace Verbose: 0 : 12620, 6, 2021/04/12, 12:24:12.142, 13524606045259, vstest.console.dll, LengthPrefixCommunicationChannel.Dispose: Dispose reader and writer.
TpTrace Information: 0 : 12620, 6, 2021/04/12, 12:24:12.142, 13524606046318, vstest.console.dll, SocketServer.Stop: Raise disconnected event endPoint: 127.0.0.1:54821 error: 
TpTrace Verbose: 0 : 12620, 6, 2021/04/12, 12:24:12.142, 13524606047043, vstest.console.dll, TestRequestSender: OnTestRunAbort: Operation is already complete. Skip error message.
TpTrace Verbose: 0 : 12620, 6, 2021/04/12, 12:24:12.142, 13524606047411, vstest.console.dll, TcpClientExtensions.MessageLoopAsync: exiting MessageLoopAsync remoteEndPoint: 127.0.0.1:54822 localEndPoint: 127.0.0.1:54821
